[2019-04-05T12:44:04.756+0300] [] [INFO] [NCLS-GFLAUNCHER-00005] [javax.enterprise.launcher] [tid: _ThreadID=1 _ThreadName=main] [timeMillis: 1554457444756] [levelValue: 800] [[
  JVM invocation command line:
/Library/Java/JavaVirtualMachines/jdk1.8.0_201.jdk/Contents/Home/bin/java
-cp
/Users/dilshod070/Downloads/glassfish5/glassfish/modules/glassfish.jar
-XX:+UnlockDiagnosticVMOptions
-XX:NewRatio=2
-XX:MaxPermSize=192m
-Xmx512m
-javaagent:/Users/dilshod070/Downloads/glassfish5/glassfish/lib/monitor/flashlight-agent.jar
-client
-Djavax.xml.accessExternalSchema=all
-Djavax.net.ssl.trustStore=/Users/dilshod070/Downloads/glassfish5/glassfish/domains/domain1/config/cacerts.jks
-Djdk.tls.rejectClientInitiatedRenegotiation=true
-Djdk.corba.allowOutputStreamSubclass=true
-Dfelix.fileinstall.dir=/Users/dilshod070/Downloads/glassfish5/glassfish/modules/autostart/
-Dorg.glassfish.additionalOSGiBundlesToStart=org.apache.felix.shell,org.apache.felix.gogo.runtime,org.apache.felix.gogo.shell,org.apache.felix.gogo.command,org.apache.felix.shell.remote,org.apache.felix.fileinstall
-Dcom.sun.aas.installRoot=/Users/dilshod070/Downloads/glassfish5/glassfish
-Dfelix.fileinstall.poll=5000
-Djava.endorsed.dirs=/Users/dilshod070/Downloads/glassfish5/glassfish/modules/endorsed:/Users/dilshod070/Downloads/glassfish5/glassfish/lib/endorsed
-Djava.security.policy=/Users/dilshod070/Downloads/glassfish5/glassfish/domains/domain1/config/server.policy
-Dosgi.shell.telnet.maxconn=1
-Dfelix.fileinstall.bundles.startTransient=true
-Dcom.sun.enterprise.config.config_environment_factory_class=com.sun.enterprise.config.serverbeans.AppserverConfigEnvironmentFactory
-Dfelix.fileinstall.log.level=2
-Djavax.net.ssl.keyStore=/Users/dilshod070/Downloads/glassfish5/glassfish/domains/domain1/config/keystore.jks
-Djava.security.auth.login.config=/Users/dilshod070/Downloads/glassfish5/glassfish/domains/domain1/config/login.conf
-Dfelix.fileinstall.disableConfigSave=false
-Dfelix.fileinstall.bundles.new.start=true
-Dcom.sun.aas.instanceRoot=/Users/dilshod070/Downloads/glassfish5/glassfish/domains/domain1
-Dosgi.shell.telnet.port=6666
-Dgosh.args=--nointeractive
-Dcom.sun.enterprise.security.httpsOutboundKeyAlias=s1as
-Dosgi.shell.telnet.ip=127.0.0.1
-DANTLR_USE_DIRECT_CLASS_LOADING=true
-Djava.awt.headless=true
-Dcom.ctc.wstx.returnNullForDefaultNamespace=true
-Djava.ext.dirs=/Library/Java/JavaVirtualMachines/jdk1.8.0_201.jdk/Contents/Home/lib/ext:/Library/Java/JavaVirtualMachines/jdk1.8.0_201.jdk/Contents/Home/jre/lib/ext:/Users/dilshod070/Downloads/glassfish5/glassfish/domains/domain1/lib/ext
-Djdbc.drivers=org.apache.derby.jdbc.ClientDriver
-Djava.library.path=/Users/dilshod070/Downloads/glassfish5/glassfish/lib:/Users/dilshod070/Library/Java/Extensions:/Library/Java/Extensions:/Network/Library/Java/Extensions:/System/Library/Java/Extensions:/usr/lib/java:/Users/dilshod070/Downloads/glassfish5/bin
com.sun.enterprise.glassfish.bootstrap.ASMain
-upgrade
false
-domaindir
/Users/dilshod070/Downloads/glassfish5/glassfish/domains/domain1
-read-stdin
true
-asadmin-args
--host,,,localhost,,,--port,,,4848,,,--secure=false,,,--terse=false,,,--echo=false,,,--interactive=true,,,start-domain,,,--verbose=false,,,--watchdog=false,,,--debug=false,,,--domaindir,,,/Users/dilshod070/Downloads/glassfish5/glassfish/domains,,,domain1
-domainname
domain1
-instancename
server
-type
DAS
-verbose
false
-asadmin-classpath
/Users/dilshod070/Downloads/glassfish5/glassfish/lib/client/appserver-cli.jar
-debug
false
-asadmin-classname
com.sun.enterprise.admin.cli.AdminMain]]

[2019-04-05T12:44:09.488+0300] [glassfish 5.0] [INFO] [NCLS-LOGGING-00009] [javax.enterprise.logging] [tid: _ThreadID=17 _ThreadName=RunLevelControllerThread-1554457449317] [timeMillis: 1554457449488] [levelValue: 800] [[
  Running GlassFish Version: GlassFish Server Open Source Edition  5.0  (build 25)]]

[2019-04-05T12:44:09.491+0300] [glassfish 5.0] [INFO] [NCLS-LOGGING-00010] [javax.enterprise.logging] [tid: _ThreadID=17 _ThreadName=RunLevelControllerThread-1554457449317] [timeMillis: 1554457449491] [levelValue: 800] [[
  Server log file is using Formatter class: com.sun.enterprise.server.logging.ODLLogFormatter]]

[2019-04-05T12:44:09.650+0300] [glassfish 5.0] [INFO] [NCLS-SECURITY-01115] [javax.enterprise.system.core.security] [tid: _ThreadID=18 _ThreadName=RunLevelControllerThread-1554457449328] [timeMillis: 1554457449650] [levelValue: 800] [[
  Realm [admin-realm] of classtype [com.sun.enterprise.security.auth.realm.file.FileRealm] successfully created.]]

[2019-04-05T12:44:09.653+0300] [glassfish 5.0] [INFO] [NCLS-SECURITY-01115] [javax.enterprise.system.core.security] [tid: _ThreadID=18 _ThreadName=RunLevelControllerThread-1554457449328] [timeMillis: 1554457449653] [levelValue: 800] [[
  Realm [file] of classtype [com.sun.enterprise.security.auth.realm.file.FileRealm] successfully created.]]

[2019-04-05T12:44:09.659+0300] [glassfish 5.0] [INFO] [NCLS-SECURITY-01115] [javax.enterprise.system.core.security] [tid: _ThreadID=18 _ThreadName=RunLevelControllerThread-1554457449328] [timeMillis: 1554457449659] [levelValue: 800] [[
  Realm [certificate] of classtype [com.sun.enterprise.security.auth.realm.certificate.CertificateRealm] successfully created.]]

[2019-04-05T12:44:09.812+0300] [glassfish 5.0] [INFO] [SEC-SVCS-00100] [javax.enterprise.security.services] [tid: _ThreadID=19 _ThreadName=RunLevelControllerThread-1554457449328] [timeMillis: 1554457449812] [levelValue: 800] [[
  Authorization Service has successfully initialized.]]

[2019-04-05T12:44:10.046+0300] [glassfish 5.0] [INFO] [] [org.hibernate.validator.internal.util.Version] [tid: _ThreadID=18 _ThreadName=RunLevelControllerThread-1554457449328] [timeMillis: 1554457450046] [levelValue: 800] [[
  HV000001: Hibernate Validator 6.0.2.Final]]

[2019-04-05T12:44:10.153+0300] [glassfish 5.0] [INFO] [] [org.glassfish.ha.store.spi.BackingStoreFactoryRegistry] [tid: _ThreadID=17 _ThreadName=RunLevelControllerThread-1554457449317] [timeMillis: 1554457450153] [levelValue: 800] [[
  Registered org.glassfish.ha.store.adapter.cache.ShoalBackingStoreProxy for persistence-type = replicated in BackingStoreFactoryRegistry]]

[2019-04-05T12:44:10.318+0300] [glassfish 5.0] [INFO] [NCLS-CORE-00087] [javax.enterprise.system.core] [tid: _ThreadID=16 _ThreadName=RunLevelControllerThread-1554457449316] [timeMillis: 1554457450318] [levelValue: 800] [[
  Grizzly Framework 2.4.1 started in: 75ms - bound to [/0.0.0.0:8080]]]

[2019-04-05T12:44:10.363+0300] [glassfish 5.0] [INFO] [NCLS-CORE-00087] [javax.enterprise.system.core] [tid: _ThreadID=16 _ThreadName=RunLevelControllerThread-1554457449316] [timeMillis: 1554457450363] [levelValue: 800] [[
  Grizzly Framework 2.4.1 started in: 7ms - bound to [/0.0.0.0:8181]]]

[2019-04-05T12:44:10.377+0300] [glassfish 5.0] [INFO] [NCLS-CORE-00087] [javax.enterprise.system.core] [tid: _ThreadID=16 _ThreadName=RunLevelControllerThread-1554457449316] [timeMillis: 1554457450377] [levelValue: 800] [[
  Grizzly Framework 2.4.1 started in: 2ms - bound to [/0.0.0.0:4848]]]

[2019-04-05T12:44:10.439+0300] [glassfish 5.0] [INFO] [NCLS-CORE-00087] [javax.enterprise.system.core] [tid: _ThreadID=17 _ThreadName=RunLevelControllerThread-1554457449317] [timeMillis: 1554457450439] [levelValue: 800] [[
  Grizzly Framework 2.4.1 started in: 1ms - bound to [/0.0.0.0:3700]]]

[2019-04-05T12:44:10.748+0300] [glassfish 5.0] [INFO] [NCLS-CORE-00017] [javax.enterprise.system.core] [tid: _ThreadID=1 _ThreadName=main] [timeMillis: 1554457450748] [levelValue: 800] [[
  GlassFish Server Open Source Edition  5.0  (25) startup time : Felix (4 213ms), startup services(1 442ms), total(5 655ms)]]

[2019-04-05T12:44:10.910+0300] [glassfish 5.0] [INFO] [jts.startup_msg] [javax.enterprise.system.core.transaction.com.sun.jts.CosTransactions] [tid: _ThreadID=17 _ThreadName=RunLevelControllerThread-1554457449317] [timeMillis: 1554457450910] [levelValue: 800] [[
  JTS5014: Recoverable JTS instance, serverId = [100]]]

[2019-04-05T12:44:11.188+0300] [glassfish 5.0] [INFO] [NCLS-JMX-00005] [javax.enterprise.system.jmx] [tid: _ThreadID=62 _ThreadName=Thread-14] [timeMillis: 1554457451188] [levelValue: 800] [[
  JMXStartupService has started JMXConnector on JMXService URL service:jmx:rmi://192.168.1.36:8686/jndi/rmi://192.168.1.36:8686/jmxrmi]]

[2019-04-05T12:44:11.341+0300] [glassfish 5.0] [INFO] [NCLS-CORE-00087] [javax.enterprise.system.core] [tid: _ThreadID=19 _ThreadName=RunLevelControllerThread-1554457449328] [timeMillis: 1554457451341] [levelValue: 800] [[
  Grizzly Framework 2.4.1 started in: 1ms - bound to [/0.0.0.0:7676]]]

[2019-04-05T12:44:11.344+0300] [glassfish 5.0] [INFO] [NCLS-BOOTSTRAP-00027] [javax.enterprise.bootstrap] [tid: _ThreadID=1 _ThreadName=main] [timeMillis: 1554457451344] [levelValue: 800] [[
  Registered com.sun.enterprise.glassfish.bootstrap.osgi.EmbeddedOSGiGlassFishImpl@47148f3f as OSGi service registration: org.apache.felix.framework.ServiceRegistrationImpl@67cffead.]]

[2019-04-05T12:44:25.713+0300] [glassfish 5.0] [INFO] [NCLS-CORE-00087] [javax.enterprise.system.core] [tid: _ThreadID=75 _ThreadName=pool-16-thread-1] [timeMillis: 1554457465713] [levelValue: 800] [[
  Grizzly Framework 2.4.1 started in: 2ms - bound to [/0.0.0.0:8080]]]

[2019-04-05T12:44:25.727+0300] [glassfish 5.0] [INFO] [NCLS-CORE-00087] [javax.enterprise.system.core] [tid: _ThreadID=75 _ThreadName=pool-16-thread-1] [timeMillis: 1554457465727] [levelValue: 800] [[
  Grizzly Framework 2.4.1 started in: 2ms - bound to [/0.0.0.0:8181]]]

[2019-04-05T12:44:26.465+0300] [glassfish 5.0] [INFO] [] [javax.enterprise.system.tools.deployment.common] [tid: _ThreadID=105 _ThreadName=Thread-22] [timeMillis: 1554457466465] [levelValue: 800] [[
  visiting unvisited references]]

[2019-04-05T12:44:27.329+0300] [glassfish 5.0] [INFO] [AS-WEB-GLUE-00198] [javax.enterprise.web] [tid: _ThreadID=105 _ThreadName=Thread-22] [timeMillis: 1554457467329] [levelValue: 800] [[
  Created HTTP listener http-listener-1 on host/port 0.0.0.0:8080]]

[2019-04-05T12:44:27.334+0300] [glassfish 5.0] [INFO] [AS-WEB-GLUE-00198] [javax.enterprise.web] [tid: _ThreadID=105 _ThreadName=Thread-22] [timeMillis: 1554457467334] [levelValue: 800] [[
  Created HTTP listener http-listener-2 on host/port 0.0.0.0:8181]]

[2019-04-05T12:44:27.336+0300] [glassfish 5.0] [INFO] [AS-WEB-GLUE-00198] [javax.enterprise.web] [tid: _ThreadID=105 _ThreadName=Thread-22] [timeMillis: 1554457467336] [levelValue: 800] [[
  Created HTTP listener admin-listener on host/port 0.0.0.0:4848]]

[2019-04-05T12:44:27.368+0300] [glassfish 5.0] [INFO] [AS-WEB-GLUE-00200] [javax.enterprise.web] [tid: _ThreadID=105 _ThreadName=Thread-22] [timeMillis: 1554457467368] [levelValue: 800] [[
  Created virtual server server]]

[2019-04-05T12:44:27.372+0300] [glassfish 5.0] [INFO] [AS-WEB-GLUE-00200] [javax.enterprise.web] [tid: _ThreadID=105 _ThreadName=Thread-22] [timeMillis: 1554457467372] [levelValue: 800] [[
  Created virtual server __asadmin]]

[2019-04-05T12:44:27.549+0300] [glassfish 5.0] [SEVERE] [NCLS-SECURITY-05054] [javax.enterprise.system.security.ssl] [tid: _ThreadID=42 _ThreadName=admin-listener(1)] [timeMillis: 1554457467549] [levelValue: 1000] [[
  The SSL certificate has expired: [
[
  Version: V3
  Subject: OU=Equifax Secure Certificate Authority, O=Equifax, C=US
  Signature Algorithm: SHA1withRSA, OID = 1.2.840.113549.1.1.5

  Key:  Sun RSA public key, 1024 bits
  modulus: 135786214035069526348186531221551781468391756233528066061569654028671100866720352830303278016129003918213826297308054231261658522889438712013757624116391437358730449661353175673177742307421061340003741057138887918110217006515773038453829253517076741780039735595086881329494037450587568122088113584549069375417
  public exponent: 65537
  Validity: [From: Sat Aug 22 20:41:51 MSD 1998,
               To: Wed Aug 22 19:41:51 MSK 2018]
  Issuer: OU=Equifax Secure Certificate Authority, O=Equifax, C=US
  SerialNumber: [    35def4cf]

Certificate Extensions: 7
[1]: ObjectId: 1.2.840.113533.7.65.0 Criticality=false
Extension unknown: DER encoded OCTET string =
0000: 04 0D 30 0B 1B 05 56 33   2E 30 63 03 02 06 C0     ..0...V3.0c....


[2]: ObjectId: 2.5.29.35 Criticality=false
AuthorityKeyIdentifier [
KeyIdentifier [
0000: 48 E6 68 F9 2B D2 B2 95   D7 47 D8 23 20 10 4F 33  H.h.+....G.# .O3
0010: 98 90 9F D4                                        ....
]
]

[3]: ObjectId: 2.5.29.19 Criticality=false
BasicConstraints:[
  CA:true
  PathLen:2147483647
]

[4]: ObjectId: 2.5.29.31 Criticality=false
CRLDistributionPoints [
  [DistributionPoint:
     [CN=CRL1, OU=Equifax Secure Certificate Authority, O=Equifax, C=US]
]]

[5]: ObjectId: 2.5.29.15 Criticality=false
KeyUsage [
  Key_CertSign
  Crl_Sign
]

[6]: ObjectId: 2.5.29.16 Criticality=false
PrivateKeyUsage: [
To: Wed Aug 22 19:41:51 MSK 2018]

[7]: ObjectId: 2.5.29.14 Criticality=false
SubjectKeyIdentifier [
KeyIdentifier [
0000: 48 E6 68 F9 2B D2 B2 95   D7 47 D8 23 20 10 4F 33  H.h.+....G.# .O3
0010: 98 90 9F D4                                        ....
]
]

]
  Algorithm: [SHA1withRSA]
  Signature:
0000: 58 CE 29 EA FC F7 DE B5   CE 02 B9 17 B5 85 D1 B9  X.).............
0010: E3 E0 95 CC 25 31 0D 00   A6 92 6E 7F B6 92 63 9E  ....%1....n...c.
0020: 50 95 D1 9A 6F E4 11 DE   63 85 6E 98 EE A8 FF 5A  P...o...c.n....Z
0030: C8 D3 55 B2 66 71 57 DE   C0 21 EB 3D 2A A7 23 49  ..U.fqW..!.=*.#I
0040: 01 04 86 42 7B FC EE 7F   A2 16 52 B5 67 67 D3 40  ...B......R.gg.@
0050: DB 3B 26 58 B2 28 77 3D   AE 14 77 61 D6 FA 2A 66  .;&X.(w=..wa..*f
0060: 27 A0 0D FA A7 73 5C EA   70 F1 94 21 65 44 5F FA  '....s\.p..!eD_.
0070: FC EF 29 68 A9 A2 87 79   EF 79 EF 4F AC 07 77 38  ..)h...y.y.O..w8

]]]

[2019-04-05T12:44:27.557+0300] [glassfish 5.0] [SEVERE] [NCLS-SECURITY-05054] [javax.enterprise.system.security.ssl] [tid: _ThreadID=42 _ThreadName=admin-listener(1)] [timeMillis: 1554457467557] [levelValue: 1000] [[
  The SSL certificate has expired: [
[
  Version: V1
  Subject: CN=GTE CyberTrust Global Root, OU="GTE CyberTrust Solutions, Inc.", O=GTE Corporation, C=US
  Signature Algorithm: MD5withRSA, OID = 1.2.840.113549.1.1.4

  Key:  Sun RSA public key, 1024 bits
  modulus: 104674226241368487598835828377585222181792546532354327780214427055917513664449991602803276678454577364904540367827644455215731003386468752240014232146814457308076052176227490263634768927290191763858631579785604655038492469791381988347440106477066514204303723029602991655085187937840556671697442212352844587673
  public exponent: 65537
  Validity: [From: Thu Aug 13 04:29:00 MSD 1998,
               To: Tue Aug 14 02:59:00 MSK 2018]
  Issuer: CN=GTE CyberTrust Global Root, OU="GTE CyberTrust Solutions, Inc.", O=GTE Corporation, C=US
  SerialNumber: [    01a5]

]
  Algorithm: [MD5withRSA]
  Signature:
0000: 6D EB 1B 09 E9 5E D9 51   DB 67 22 61 A4 2A 3C 48  m....^.Q.g"a.*<H
0010: 77 E3 A0 7C A6 DE 73 A2   14 03 85 3D FB AB 0E 30  w.....s....=...0
0020: C5 83 16 33 81 13 08 9E   7B 34 4E DF 40 C8 74 D7  ...3.....4N.@.t.
0030: B9 7D DC F4 76 55 7D 9B   63 54 18 E9 F0 EA F3 5C  ....vU..cT.....\
0040: B1 D9 8B 42 1E B9 C0 95   4E BA FA D5 E2 7C F5 68  ...B....N......h
0050: 61 BF 8E EC 05 97 5F 5B   B0 D7 A3 85 34 C4 24 A7  a....._[....4.$.
0060: 0D 0F 95 93 EF CB 94 D8   9E 1F 9D 5C 85 6D C7 AA  ...........\.m..
0070: AE 4F 1F 22 B5 CD 95 AD   BA A7 CC F9 AB 0B 7A 7F  .O."..........z.

]]]

[2019-04-05T12:44:27.821+0300] [glassfish 5.0] [INFO] [AS-WEB-CORE-00306] [javax.enterprise.web.core] [tid: _ThreadID=105 _ThreadName=Thread-22] [timeMillis: 1554457467821] [levelValue: 800] [[
  Setting JAAS app name glassfish-web]]

[2019-04-05T12:44:27.823+0300] [glassfish 5.0] [INFO] [AS-WEB-GLUE-00201] [javax.enterprise.web] [tid: _ThreadID=105 _ThreadName=Thread-22] [timeMillis: 1554457467823] [levelValue: 800] [[
  Virtual server server loaded default web module ]]

[2019-04-05T12:44:28.427+0300] [glassfish 5.0] [INFO] [NCLS-SECURITY-01002] [javax.enterprise.system.core.security] [tid: _ThreadID=105 _ThreadName=Thread-22] [timeMillis: 1554457468427] [levelValue: 800] [[
  Java security manager is disabled.]]

[2019-04-05T12:44:28.428+0300] [glassfish 5.0] [INFO] [NCLS-SECURITY-01010] [javax.enterprise.system.core.security] [tid: _ThreadID=105 _ThreadName=Thread-22] [timeMillis: 1554457468428] [levelValue: 800] [[
  Entering Security Startup Service.]]

[2019-04-05T12:44:28.432+0300] [glassfish 5.0] [INFO] [NCLS-SECURITY-01143] [javax.enterprise.system.core.security] [tid: _ThreadID=105 _ThreadName=Thread-22] [timeMillis: 1554457468432] [levelValue: 800] [[
  Loading policy provider com.sun.enterprise.security.provider.PolicyWrapper.]]

[2019-04-05T12:44:28.541+0300] [glassfish 5.0] [INFO] [NCLS-SECURITY-01011] [javax.enterprise.system.core.security] [tid: _ThreadID=105 _ThreadName=Thread-22] [timeMillis: 1554457468541] [levelValue: 800] [[
  Security Service(s) started successfully.]]

[2019-04-05T12:44:29.448+0300] [glassfish 5.0] [INFO] [] [javax.enterprise.system.tools.deployment.common] [tid: _ThreadID=105 _ThreadName=Thread-22] [timeMillis: 1554457469448] [levelValue: 800] [[
  visiting unvisited references]]

[2019-04-05T12:44:29.486+0300] [glassfish 5.0] [INFO] [] [javax.enterprise.system.tools.deployment.common] [tid: _ThreadID=105 _ThreadName=Thread-22] [timeMillis: 1554457469486] [levelValue: 800] [[
  visiting unvisited references]]

[2019-04-05T12:44:29.489+0300] [glassfish 5.0] [INFO] [] [javax.enterprise.system.tools.deployment.common] [tid: _ThreadID=105 _ThreadName=Thread-22] [timeMillis: 1554457469489] [levelValue: 800] [[
  visiting unvisited references]]

[2019-04-05T12:44:30.864+0300] [glassfish 5.0] [INFO] [NCLS-REST-00001] [javax.enterprise.admin.rest] [tid: _ThreadID=42 _ThreadName=admin-listener(1)] [timeMillis: 1554457470864] [levelValue: 800] [[
  Listening to REST requests at context: /management/domain.]]

[2019-04-05T12:44:31.403+0300] [glassfish 5.0] [INFO] [jsf.config.listener.version] [javax.enterprise.resource.webcontainer.jsf.config] [tid: _ThreadID=105 _ThreadName=Thread-22] [timeMillis: 1554457471403] [levelValue: 800] [[
  Initializing Mojarra 2.3.2 ( 20170627-2139 e63598abf2ed2bb1a24674f308a734e0dce18a72) for context '']]

[2019-04-05T12:44:33.053+0300] [glassfish 5.0] [INFO] [AS-WEB-GLUE-00172] [javax.enterprise.web] [tid: _ThreadID=105 _ThreadName=Thread-22] [timeMillis: 1554457473053] [levelValue: 800] [[
  Loading application [__admingui] at [/]]]

[2019-04-05T12:44:33.056+0300] [glassfish 5.0] [INFO] [NCLS-CORE-00022] [javax.enterprise.system.core] [tid: _ThreadID=105 _ThreadName=Thread-22] [timeMillis: 1554457473056] [levelValue: 800] [[
  Loading application __admingui done in 7 046 ms]]

[2019-04-05T12:44:33.587+0300] [glassfish 5.0] [WARNING] [] [javax.enterprise.system.container.web.com.sun.web.security] [tid: _ThreadID=44 _ThreadName=admin-listener(3)] [timeMillis: 1554457473587] [levelValue: 900] [[
  Context path from ServletContext:  differs from path from bundle: /]]

[2019-04-05T12:44:34.198+0300] [glassfish 5.0] [SEVERE] [NCLS-SECURITY-05054] [javax.enterprise.system.security.ssl] [tid: _ThreadID=44 _ThreadName=admin-listener(3)] [timeMillis: 1554457474198] [levelValue: 1000] [[
  The SSL certificate has expired: [
[
  Version: V3
  Subject: OU=Equifax Secure Certificate Authority, O=Equifax, C=US
  Signature Algorithm: SHA1withRSA, OID = 1.2.840.113549.1.1.5

  Key:  Sun RSA public key, 1024 bits
  modulus: 135786214035069526348186531221551781468391756233528066061569654028671100866720352830303278016129003918213826297308054231261658522889438712013757624116391437358730449661353175673177742307421061340003741057138887918110217006515773038453829253517076741780039735595086881329494037450587568122088113584549069375417
  public exponent: 65537
  Validity: [From: Sat Aug 22 20:41:51 MSD 1998,
               To: Wed Aug 22 19:41:51 MSK 2018]
  Issuer: OU=Equifax Secure Certificate Authority, O=Equifax, C=US
  SerialNumber: [    35def4cf]

Certificate Extensions: 7
[1]: ObjectId: 1.2.840.113533.7.65.0 Criticality=false
Extension unknown: DER encoded OCTET string =
0000: 04 0D 30 0B 1B 05 56 33   2E 30 63 03 02 06 C0     ..0...V3.0c....


[2]: ObjectId: 2.5.29.35 Criticality=false
AuthorityKeyIdentifier [
KeyIdentifier [
0000: 48 E6 68 F9 2B D2 B2 95   D7 47 D8 23 20 10 4F 33  H.h.+....G.# .O3
0010: 98 90 9F D4                                        ....
]
]

[3]: ObjectId: 2.5.29.19 Criticality=false
BasicConstraints:[
  CA:true
  PathLen:2147483647
]

[4]: ObjectId: 2.5.29.31 Criticality=false
CRLDistributionPoints [
  [DistributionPoint:
     [CN=CRL1, OU=Equifax Secure Certificate Authority, O=Equifax, C=US]
]]

[5]: ObjectId: 2.5.29.15 Criticality=false
KeyUsage [
  Key_CertSign
  Crl_Sign
]

[6]: ObjectId: 2.5.29.16 Criticality=false
PrivateKeyUsage: [
To: Wed Aug 22 19:41:51 MSK 2018]

[7]: ObjectId: 2.5.29.14 Criticality=false
SubjectKeyIdentifier [
KeyIdentifier [
0000: 48 E6 68 F9 2B D2 B2 95   D7 47 D8 23 20 10 4F 33  H.h.+....G.# .O3
0010: 98 90 9F D4                                        ....
]
]

]
  Algorithm: [SHA1withRSA]
  Signature:
0000: 58 CE 29 EA FC F7 DE B5   CE 02 B9 17 B5 85 D1 B9  X.).............
0010: E3 E0 95 CC 25 31 0D 00   A6 92 6E 7F B6 92 63 9E  ....%1....n...c.
0020: 50 95 D1 9A 6F E4 11 DE   63 85 6E 98 EE A8 FF 5A  P...o...c.n....Z
0030: C8 D3 55 B2 66 71 57 DE   C0 21 EB 3D 2A A7 23 49  ..U.fqW..!.=*.#I
0040: 01 04 86 42 7B FC EE 7F   A2 16 52 B5 67 67 D3 40  ...B......R.gg.@
0050: DB 3B 26 58 B2 28 77 3D   AE 14 77 61 D6 FA 2A 66  .;&X.(w=..wa..*f
0060: 27 A0 0D FA A7 73 5C EA   70 F1 94 21 65 44 5F FA  '....s\.p..!eD_.
0070: FC EF 29 68 A9 A2 87 79   EF 79 EF 4F AC 07 77 38  ..)h...y.y.O..w8

]]]

[2019-04-05T12:44:34.200+0300] [glassfish 5.0] [SEVERE] [NCLS-SECURITY-05054] [javax.enterprise.system.security.ssl] [tid: _ThreadID=44 _ThreadName=admin-listener(3)] [timeMillis: 1554457474200] [levelValue: 1000] [[
  The SSL certificate has expired: [
[
  Version: V1
  Subject: CN=GTE CyberTrust Global Root, OU="GTE CyberTrust Solutions, Inc.", O=GTE Corporation, C=US
  Signature Algorithm: MD5withRSA, OID = 1.2.840.113549.1.1.4

  Key:  Sun RSA public key, 1024 bits
  modulus: 104674226241368487598835828377585222181792546532354327780214427055917513664449991602803276678454577364904540367827644455215731003386468752240014232146814457308076052176227490263634768927290191763858631579785604655038492469791381988347440106477066514204303723029602991655085187937840556671697442212352844587673
  public exponent: 65537
  Validity: [From: Thu Aug 13 04:29:00 MSD 1998,
               To: Tue Aug 14 02:59:00 MSK 2018]
  Issuer: CN=GTE CyberTrust Global Root, OU="GTE CyberTrust Solutions, Inc.", O=GTE Corporation, C=US
  SerialNumber: [    01a5]

]
  Algorithm: [MD5withRSA]
  Signature:
0000: 6D EB 1B 09 E9 5E D9 51   DB 67 22 61 A4 2A 3C 48  m....^.Q.g"a.*<H
0010: 77 E3 A0 7C A6 DE 73 A2   14 03 85 3D FB AB 0E 30  w.....s....=...0
0020: C5 83 16 33 81 13 08 9E   7B 34 4E DF 40 C8 74 D7  ...3.....4N.@.t.
0030: B9 7D DC F4 76 55 7D 9B   63 54 18 E9 F0 EA F3 5C  ....vU..cT.....\
0040: B1 D9 8B 42 1E B9 C0 95   4E BA FA D5 E2 7C F5 68  ...B....N......h
0050: 61 BF 8E EC 05 97 5F 5B   B0 D7 A3 85 34 C4 24 A7  a....._[....4.$.
0060: 0D 0F 95 93 EF CB 94 D8   9E 1F 9D 5C 85 6D C7 AA  ...........\.m..
0070: AE 4F 1F 22 B5 CD 95 AD   BA A7 CC F9 AB 0B 7A 7F  .O."..........z.

]]]

[2019-04-05T12:44:36.077+0300] [glassfish 5.0] [SEVERE] [NCLS-SECURITY-05054] [javax.enterprise.system.security.ssl] [tid: _ThreadID=127 _ThreadName=admin-listener(7)] [timeMillis: 1554457476077] [levelValue: 1000] [[
  The SSL certificate has expired: [
[
  Version: V3
  Subject: OU=Equifax Secure Certificate Authority, O=Equifax, C=US
  Signature Algorithm: SHA1withRSA, OID = 1.2.840.113549.1.1.5

  Key:  Sun RSA public key, 1024 bits
  modulus: 135786214035069526348186531221551781468391756233528066061569654028671100866720352830303278016129003918213826297308054231261658522889438712013757624116391437358730449661353175673177742307421061340003741057138887918110217006515773038453829253517076741780039735595086881329494037450587568122088113584549069375417
  public exponent: 65537
  Validity: [From: Sat Aug 22 20:41:51 MSD 1998,
               To: Wed Aug 22 19:41:51 MSK 2018]
  Issuer: OU=Equifax Secure Certificate Authority, O=Equifax, C=US
  SerialNumber: [    35def4cf]

Certificate Extensions: 7
[1]: ObjectId: 1.2.840.113533.7.65.0 Criticality=false
Extension unknown: DER encoded OCTET string =
0000: 04 0D 30 0B 1B 05 56 33   2E 30 63 03 02 06 C0     ..0...V3.0c....


[2]: ObjectId: 2.5.29.35 Criticality=false
AuthorityKeyIdentifier [
KeyIdentifier [
0000: 48 E6 68 F9 2B D2 B2 95   D7 47 D8 23 20 10 4F 33  H.h.+....G.# .O3
0010: 98 90 9F D4                                        ....
]
]

[3]: ObjectId: 2.5.29.19 Criticality=false
BasicConstraints:[
  CA:true
  PathLen:2147483647
]

[4]: ObjectId: 2.5.29.31 Criticality=false
CRLDistributionPoints [
  [DistributionPoint:
     [CN=CRL1, OU=Equifax Secure Certificate Authority, O=Equifax, C=US]
]]

[5]: ObjectId: 2.5.29.15 Criticality=false
KeyUsage [
  Key_CertSign
  Crl_Sign
]

[6]: ObjectId: 2.5.29.16 Criticality=false
PrivateKeyUsage: [
To: Wed Aug 22 19:41:51 MSK 2018]

[7]: ObjectId: 2.5.29.14 Criticality=false
SubjectKeyIdentifier [
KeyIdentifier [
0000: 48 E6 68 F9 2B D2 B2 95   D7 47 D8 23 20 10 4F 33  H.h.+....G.# .O3
0010: 98 90 9F D4                                        ....
]
]

]
  Algorithm: [SHA1withRSA]
  Signature:
0000: 58 CE 29 EA FC F7 DE B5   CE 02 B9 17 B5 85 D1 B9  X.).............
0010: E3 E0 95 CC 25 31 0D 00   A6 92 6E 7F B6 92 63 9E  ....%1....n...c.
0020: 50 95 D1 9A 6F E4 11 DE   63 85 6E 98 EE A8 FF 5A  P...o...c.n....Z
0030: C8 D3 55 B2 66 71 57 DE   C0 21 EB 3D 2A A7 23 49  ..U.fqW..!.=*.#I
0040: 01 04 86 42 7B FC EE 7F   A2 16 52 B5 67 67 D3 40  ...B......R.gg.@
0050: DB 3B 26 58 B2 28 77 3D   AE 14 77 61 D6 FA 2A 66  .;&X.(w=..wa..*f
0060: 27 A0 0D FA A7 73 5C EA   70 F1 94 21 65 44 5F FA  '....s\.p..!eD_.
0070: FC EF 29 68 A9 A2 87 79   EF 79 EF 4F AC 07 77 38  ..)h...y.y.O..w8

]]]

[2019-04-05T12:44:36.078+0300] [glassfish 5.0] [SEVERE] [NCLS-SECURITY-05054] [javax.enterprise.system.security.ssl] [tid: _ThreadID=127 _ThreadName=admin-listener(7)] [timeMillis: 1554457476078] [levelValue: 1000] [[
  The SSL certificate has expired: [
[
  Version: V1
  Subject: CN=GTE CyberTrust Global Root, OU="GTE CyberTrust Solutions, Inc.", O=GTE Corporation, C=US
  Signature Algorithm: MD5withRSA, OID = 1.2.840.113549.1.1.4

  Key:  Sun RSA public key, 1024 bits
  modulus: 104674226241368487598835828377585222181792546532354327780214427055917513664449991602803276678454577364904540367827644455215731003386468752240014232146814457308076052176227490263634768927290191763858631579785604655038492469791381988347440106477066514204303723029602991655085187937840556671697442212352844587673
  public exponent: 65537
  Validity: [From: Thu Aug 13 04:29:00 MSD 1998,
               To: Tue Aug 14 02:59:00 MSK 2018]
  Issuer: CN=GTE CyberTrust Global Root, OU="GTE CyberTrust Solutions, Inc.", O=GTE Corporation, C=US
  SerialNumber: [    01a5]

]
  Algorithm: [MD5withRSA]
  Signature:
0000: 6D EB 1B 09 E9 5E D9 51   DB 67 22 61 A4 2A 3C 48  m....^.Q.g"a.*<H
0010: 77 E3 A0 7C A6 DE 73 A2   14 03 85 3D FB AB 0E 30  w.....s....=...0
0020: C5 83 16 33 81 13 08 9E   7B 34 4E DF 40 C8 74 D7  ...3.....4N.@.t.
0030: B9 7D DC F4 76 55 7D 9B   63 54 18 E9 F0 EA F3 5C  ....vU..cT.....\
0040: B1 D9 8B 42 1E B9 C0 95   4E BA FA D5 E2 7C F5 68  ...B....N......h
0050: 61 BF 8E EC 05 97 5F 5B   B0 D7 A3 85 34 C4 24 A7  a....._[....4.$.
0060: 0D 0F 95 93 EF CB 94 D8   9E 1F 9D 5C 85 6D C7 AA  ...........\.m..
0070: AE 4F 1F 22 B5 CD 95 AD   BA A7 CC F9 AB 0B 7A 7F  .O."..........z.

]]]

[2019-04-05T12:44:36.177+0300] [glassfish 5.0] [INFO] [] [org.glassfish.admingui] [tid: _ThreadID=127 _ThreadName=admin-listener(7)] [timeMillis: 1554457476177] [levelValue: 800] [[
  Redirecting to /]]

[2019-04-05T12:44:36.379+0300] [glassfish 5.0] [INFO] [] [org.glassfish.admingui] [tid: _ThreadID=43 _ThreadName=admin-listener(2)] [timeMillis: 1554457476379] [levelValue: 800] [[
  Admin Console: Initializing Session Attributes...]]

[2019-04-05T12:47:45.808+0300] [glassfish 5.0] [INFO] [NCLS-REST-00001] [javax.enterprise.admin.rest] [tid: _ThreadID=42 _ThreadName=admin-listener(1)] [timeMillis: 1554457665808] [levelValue: 800] [[
  Listening to REST requests at context: /command/domain.]]

[2019-04-05T12:47:45.927+0300] [glassfish 5.0] [INFO] [NCLS-CORE-00092] [javax.enterprise.system.core] [tid: _ThreadID=130 _ThreadName=Thread-36] [timeMillis: 1554457665927] [levelValue: 800] [[
  Server shutdown initiated]]

[2019-04-05T12:47:45.935+0300] [glassfish 5.0] [INFO] [NCLS-BOOTSTRAP-00028] [javax.enterprise.bootstrap] [tid: _ThreadID=130 _ThreadName=Thread-36] [timeMillis: 1554457665935] [levelValue: 800] [[
  Unregistered com.sun.enterprise.glassfish.bootstrap.osgi.EmbeddedOSGiGlassFishImpl@47148f3f from service registry.]]

[2019-04-05T12:47:45.937+0300] [glassfish 5.0] [INFO] [] [] [tid: _ThreadID=130 _ThreadName=Thread-8] [timeMillis: 1554457665937] [levelValue: 800] [[
  FileMonitoring shutdown]]

[2019-04-05T12:47:45.943+0300] [glassfish 5.0] [INFO] [NCLS-JMX-00002] [javax.enterprise.system.jmx] [tid: _ThreadID=130 _ThreadName=Thread-36] [timeMillis: 1554457665943] [levelValue: 800] [[
  JMXStartupService: Stopped JMXConnectorServer: null]]

[2019-04-05T12:47:45.943+0300] [glassfish 5.0] [INFO] [NCLS-JMX-00001] [javax.enterprise.system.jmx] [tid: _ThreadID=130 _ThreadName=Thread-36] [timeMillis: 1554457665943] [levelValue: 800] [[
  JMXStartupService and JMXConnectors have been shut down.]]

[2019-04-05T12:47:46.071+0300] [glassfish 5.0] [INFO] [] [] [tid: _ThreadID=136 _ThreadName=Thread-8] [timeMillis: 1554457666071] [levelValue: 800] [[
  JdbcRuntimeExtension,  getAllSystemRAResourcesAndPools = [GlassFishConfigBean.org.glassfish.jdbc.config.JdbcResource, GlassFishConfigBean.org.glassfish.jdbc.config.JdbcResource, GlassFishConfigBean.org.glassfish.jdbc.config.JdbcConnectionPool, GlassFishConfigBean.org.glassfish.jdbc.config.JdbcConnectionPool]]]

[2019-04-05T12:47:50.895+0300] [] [INFO] [NCLS-GFLAUNCHER-00005] [javax.enterprise.launcher] [tid: _ThreadID=1 _ThreadName=main] [timeMillis: 1554457670895] [levelValue: 800] [[
  JVM invocation command line:
/Library/Java/JavaVirtualMachines/jdk1.8.0_201.jdk/Contents/Home/bin/java
-cp
/Users/dilshod070/Downloads/glassfish5/glassfish/modules/glassfish.jar
-XX:+UnlockDiagnosticVMOptions
-XX:NewRatio=2
-XX:MaxPermSize=192m
-Xmx512m
-javaagent:/Users/dilshod070/Downloads/glassfish5/glassfish/lib/monitor/flashlight-agent.jar
-client
-Djavax.xml.accessExternalSchema=all
-Djavax.net.ssl.trustStore=/Users/dilshod070/Downloads/glassfish5/glassfish/domains/domain1/config/cacerts.jks
-Djdk.tls.rejectClientInitiatedRenegotiation=true
-Djdk.corba.allowOutputStreamSubclass=true
-Dfelix.fileinstall.dir=/Users/dilshod070/Downloads/glassfish5/glassfish/modules/autostart/
-Dorg.glassfish.additionalOSGiBundlesToStart=org.apache.felix.shell,org.apache.felix.gogo.runtime,org.apache.felix.gogo.shell,org.apache.felix.gogo.command,org.apache.felix.shell.remote,org.apache.felix.fileinstall
-Dcom.sun.aas.installRoot=/Users/dilshod070/Downloads/glassfish5/glassfish
-Dfelix.fileinstall.poll=5000
-Djava.endorsed.dirs=/Users/dilshod070/Downloads/glassfish5/glassfish/modules/endorsed:/Users/dilshod070/Downloads/glassfish5/glassfish/lib/endorsed
-Djava.security.policy=/Users/dilshod070/Downloads/glassfish5/glassfish/domains/domain1/config/server.policy
-Dosgi.shell.telnet.maxconn=1
-Dfelix.fileinstall.bundles.startTransient=true
-Dcom.sun.enterprise.config.config_environment_factory_class=com.sun.enterprise.config.serverbeans.AppserverConfigEnvironmentFactory
-Dfelix.fileinstall.log.level=2
-Djavax.net.ssl.keyStore=/Users/dilshod070/Downloads/glassfish5/glassfish/domains/domain1/config/keystore.jks
-Djava.security.auth.login.config=/Users/dilshod070/Downloads/glassfish5/glassfish/domains/domain1/config/login.conf
-Dfelix.fileinstall.disableConfigSave=false
-Dfelix.fileinstall.bundles.new.start=true
-Dcom.sun.aas.instanceRoot=/Users/dilshod070/Downloads/glassfish5/glassfish/domains/domain1
-Dosgi.shell.telnet.port=6666
-Dgosh.args=--nointeractive
-Dcom.sun.enterprise.security.httpsOutboundKeyAlias=s1as
-Dosgi.shell.telnet.ip=127.0.0.1
-DANTLR_USE_DIRECT_CLASS_LOADING=true
-Djava.awt.headless=true
-Dcom.ctc.wstx.returnNullForDefaultNamespace=true
-Djava.ext.dirs=/Library/Java/JavaVirtualMachines/jdk1.8.0_201.jdk/Contents/Home/lib/ext:/Library/Java/JavaVirtualMachines/jdk1.8.0_201.jdk/Contents/Home/jre/lib/ext:/Users/dilshod070/Downloads/glassfish5/glassfish/domains/domain1/lib/ext
-Djdbc.drivers=org.apache.derby.jdbc.ClientDriver
-Djava.library.path=/Users/dilshod070/Downloads/glassfish5/glassfish/lib:/Users/dilshod070/Library/Java/Extensions:/Library/Java/Extensions:/Network/Library/Java/Extensions:/System/Library/Java/Extensions:/usr/lib/java:/Users/dilshod070/Downloads/glassfish5/bin
com.sun.enterprise.glassfish.bootstrap.ASMain
-upgrade
false
-domaindir
/Users/dilshod070/Downloads/glassfish5/glassfish/domains/domain1
-read-stdin
true
-asadmin-args
--host,,,localhost,,,--port,,,4848,,,--secure=false,,,--terse=false,,,--echo=false,,,--interactive=true,,,start-domain,,,--verbose=false,,,--watchdog=false,,,--debug=false,,,--domaindir,,,/Users/dilshod070/Downloads/glassfish5/glassfish/domains,,,domain1
-domainname
domain1
-instancename
server
-type
DAS
-verbose
false
-asadmin-classpath
/Users/dilshod070/Downloads/glassfish5/glassfish/lib/client/appserver-cli.jar
-debug
false
-asadmin-classname
com.sun.enterprise.admin.cli.AdminMain]]

[2019-04-05T12:47:53.572+0300] [glassfish 5.0] [INFO] [NCLS-LOGGING-00009] [javax.enterprise.logging] [tid: _ThreadID=16 _ThreadName=RunLevelControllerThread-1554457673456] [timeMillis: 1554457673572] [levelValue: 800] [[
  Running GlassFish Version: GlassFish Server Open Source Edition  5.0  (build 25)]]

[2019-04-05T12:47:53.575+0300] [glassfish 5.0] [INFO] [NCLS-LOGGING-00010] [javax.enterprise.logging] [tid: _ThreadID=16 _ThreadName=RunLevelControllerThread-1554457673456] [timeMillis: 1554457673575] [levelValue: 800] [[
  Server log file is using Formatter class: com.sun.enterprise.server.logging.ODLLogFormatter]]

[2019-04-05T12:47:53.707+0300] [glassfish 5.0] [INFO] [NCLS-SECURITY-01115] [javax.enterprise.system.core.security] [tid: _ThreadID=17 _ThreadName=RunLevelControllerThread-1554457673464] [timeMillis: 1554457673707] [levelValue: 800] [[
  Realm [admin-realm] of classtype [com.sun.enterprise.security.auth.realm.file.FileRealm] successfully created.]]

[2019-04-05T12:47:53.709+0300] [glassfish 5.0] [INFO] [NCLS-SECURITY-01115] [javax.enterprise.system.core.security] [tid: _ThreadID=17 _ThreadName=RunLevelControllerThread-1554457673464] [timeMillis: 1554457673709] [levelValue: 800] [[
  Realm [file] of classtype [com.sun.enterprise.security.auth.realm.file.FileRealm] successfully created.]]

[2019-04-05T12:47:53.714+0300] [glassfish 5.0] [INFO] [NCLS-SECURITY-01115] [javax.enterprise.system.core.security] [tid: _ThreadID=17 _ThreadName=RunLevelControllerThread-1554457673464] [timeMillis: 1554457673714] [levelValue: 800] [[
  Realm [certificate] of classtype [com.sun.enterprise.security.auth.realm.certificate.CertificateRealm] successfully created.]]

[2019-04-05T12:47:53.863+0300] [glassfish 5.0] [INFO] [SEC-SVCS-00100] [javax.enterprise.security.services] [tid: _ThreadID=15 _ThreadName=RunLevelControllerThread-1554457673454] [timeMillis: 1554457673863] [levelValue: 800] [[
  Authorization Service has successfully initialized.]]

[2019-04-05T12:47:54.078+0300] [glassfish 5.0] [INFO] [] [org.glassfish.ha.store.spi.BackingStoreFactoryRegistry] [tid: _ThreadID=15 _ThreadName=RunLevelControllerThread-1554457673454] [timeMillis: 1554457674078] [levelValue: 800] [[
  Registered org.glassfish.ha.store.adapter.cache.ShoalBackingStoreProxy for persistence-type = replicated in BackingStoreFactoryRegistry]]

[2019-04-05T12:47:54.233+0300] [glassfish 5.0] [INFO] [NCLS-CORE-00087] [javax.enterprise.system.core] [tid: _ThreadID=16 _ThreadName=RunLevelControllerThread-1554457673456] [timeMillis: 1554457674233] [levelValue: 800] [[
  Grizzly Framework 2.4.1 started in: 54ms - bound to [/0.0.0.0:8080]]]

[2019-04-05T12:47:54.261+0300] [glassfish 5.0] [INFO] [NCLS-CORE-00087] [javax.enterprise.system.core] [tid: _ThreadID=16 _ThreadName=RunLevelControllerThread-1554457673456] [timeMillis: 1554457674261] [levelValue: 800] [[
  Grizzly Framework 2.4.1 started in: 0ms - bound to [/0.0.0.0:8181]]]

[2019-04-05T12:47:54.268+0300] [glassfish 5.0] [INFO] [NCLS-CORE-00087] [javax.enterprise.system.core] [tid: _ThreadID=16 _ThreadName=RunLevelControllerThread-1554457673456] [timeMillis: 1554457674268] [levelValue: 800] [[
  Grizzly Framework 2.4.1 started in: 0ms - bound to [/0.0.0.0:4848]]]

[2019-04-05T12:47:54.327+0300] [glassfish 5.0] [INFO] [NCLS-CORE-00087] [javax.enterprise.system.core] [tid: _ThreadID=18 _ThreadName=RunLevelControllerThread-1554457673464] [timeMillis: 1554457674327] [levelValue: 800] [[
  Grizzly Framework 2.4.1 started in: 1ms - bound to [/0.0.0.0:3700]]]

[2019-04-05T12:47:54.328+0300] [glassfish 5.0] [INFO] [NCLS-CORE-00017] [javax.enterprise.system.core] [tid: _ThreadID=1 _ThreadName=main] [timeMillis: 1554457674328] [levelValue: 800] [[
  GlassFish Server Open Source Edition  5.0  (25) startup time : Felix (2 275ms), startup services(883ms), total(3 158ms)]]

[2019-04-05T12:47:54.486+0300] [glassfish 5.0] [INFO] [jts.startup_msg] [javax.enterprise.system.core.transaction.com.sun.jts.CosTransactions] [tid: _ThreadID=18 _ThreadName=RunLevelControllerThread-1554457673464] [timeMillis: 1554457674486] [levelValue: 800] [[
  JTS5014: Recoverable JTS instance, serverId = [100]]]

[2019-04-05T12:47:54.599+0300] [glassfish 5.0] [INFO] [NCLS-JMX-00005] [javax.enterprise.system.jmx] [tid: _ThreadID=50 _ThreadName=Thread-13] [timeMillis: 1554457674599] [levelValue: 800] [[
  JMXStartupService has started JMXConnector on JMXService URL service:jmx:rmi://192.168.1.36:8686/jndi/rmi://192.168.1.36:8686/jmxrmi]]

[2019-04-05T12:47:54.610+0300] [glassfish 5.0] [INFO] [NCLS-CORE-00087] [javax.enterprise.system.core] [tid: _ThreadID=23 _ThreadName=RunLevelControllerThread-1554457673767] [timeMillis: 1554457674610] [levelValue: 800] [[
  Grizzly Framework 2.4.1 started in: 7ms - bound to [/0.0.0.0:7676]]]

[2019-04-05T12:47:55.829+0300] [glassfish 5.0] [SEVERE] [NCLS-SECURITY-05054] [javax.enterprise.system.security.ssl] [tid: _ThreadID=42 _ThreadName=admin-listener(2)] [timeMillis: 1554457675829] [levelValue: 1000] [[
  The SSL certificate has expired: [
[
  Version: V3
  Subject: OU=Equifax Secure Certificate Authority, O=Equifax, C=US
  Signature Algorithm: SHA1withRSA, OID = 1.2.840.113549.1.1.5

  Key:  Sun RSA public key, 1024 bits
  modulus: 135786214035069526348186531221551781468391756233528066061569654028671100866720352830303278016129003918213826297308054231261658522889438712013757624116391437358730449661353175673177742307421061340003741057138887918110217006515773038453829253517076741780039735595086881329494037450587568122088113584549069375417
  public exponent: 65537
  Validity: [From: Sat Aug 22 20:41:51 MSD 1998,
               To: Wed Aug 22 19:41:51 MSK 2018]
  Issuer: OU=Equifax Secure Certificate Authority, O=Equifax, C=US
  SerialNumber: [    35def4cf]

Certificate Extensions: 7
[1]: ObjectId: 1.2.840.113533.7.65.0 Criticality=false
Extension unknown: DER encoded OCTET string =
0000: 04 0D 30 0B 1B 05 56 33   2E 30 63 03 02 06 C0     ..0...V3.0c....


[2]: ObjectId: 2.5.29.35 Criticality=false
AuthorityKeyIdentifier [
KeyIdentifier [
0000: 48 E6 68 F9 2B D2 B2 95   D7 47 D8 23 20 10 4F 33  H.h.+....G.# .O3
0010: 98 90 9F D4                                        ....
]
]

[3]: ObjectId: 2.5.29.19 Criticality=false
BasicConstraints:[
  CA:true
  PathLen:2147483647
]

[4]: ObjectId: 2.5.29.31 Criticality=false
CRLDistributionPoints [
  [DistributionPoint:
     [CN=CRL1, OU=Equifax Secure Certificate Authority, O=Equifax, C=US]
]]

[5]: ObjectId: 2.5.29.15 Criticality=false
KeyUsage [
  Key_CertSign
  Crl_Sign
]

[6]: ObjectId: 2.5.29.16 Criticality=false
PrivateKeyUsage: [
To: Wed Aug 22 19:41:51 MSK 2018]

[7]: ObjectId: 2.5.29.14 Criticality=false
SubjectKeyIdentifier [
KeyIdentifier [
0000: 48 E6 68 F9 2B D2 B2 95   D7 47 D8 23 20 10 4F 33  H.h.+....G.# .O3
0010: 98 90 9F D4                                        ....
]
]

]
  Algorithm: [SHA1withRSA]
  Signature:
0000: 58 CE 29 EA FC F7 DE B5   CE 02 B9 17 B5 85 D1 B9  X.).............
0010: E3 E0 95 CC 25 31 0D 00   A6 92 6E 7F B6 92 63 9E  ....%1....n...c.
0020: 50 95 D1 9A 6F E4 11 DE   63 85 6E 98 EE A8 FF 5A  P...o...c.n....Z
0030: C8 D3 55 B2 66 71 57 DE   C0 21 EB 3D 2A A7 23 49  ..U.fqW..!.=*.#I
0040: 01 04 86 42 7B FC EE 7F   A2 16 52 B5 67 67 D3 40  ...B......R.gg.@
0050: DB 3B 26 58 B2 28 77 3D   AE 14 77 61 D6 FA 2A 66  .;&X.(w=..wa..*f
0060: 27 A0 0D FA A7 73 5C EA   70 F1 94 21 65 44 5F FA  '....s\.p..!eD_.
0070: FC EF 29 68 A9 A2 87 79   EF 79 EF 4F AC 07 77 38  ..)h...y.y.O..w8

]]]

[2019-04-05T12:47:55.842+0300] [glassfish 5.0] [SEVERE] [NCLS-SECURITY-05054] [javax.enterprise.system.security.ssl] [tid: _ThreadID=42 _ThreadName=admin-listener(2)] [timeMillis: 1554457675842] [levelValue: 1000] [[
  The SSL certificate has expired: [
[
  Version: V1
  Subject: CN=GTE CyberTrust Global Root, OU="GTE CyberTrust Solutions, Inc.", O=GTE Corporation, C=US
  Signature Algorithm: MD5withRSA, OID = 1.2.840.113549.1.1.4

  Key:  Sun RSA public key, 1024 bits
  modulus: 104674226241368487598835828377585222181792546532354327780214427055917513664449991602803276678454577364904540367827644455215731003386468752240014232146814457308076052176227490263634768927290191763858631579785604655038492469791381988347440106477066514204303723029602991655085187937840556671697442212352844587673
  public exponent: 65537
  Validity: [From: Thu Aug 13 04:29:00 MSD 1998,
               To: Tue Aug 14 02:59:00 MSK 2018]
  Issuer: CN=GTE CyberTrust Global Root, OU="GTE CyberTrust Solutions, Inc.", O=GTE Corporation, C=US
  SerialNumber: [    01a5]

]
  Algorithm: [MD5withRSA]
  Signature:
0000: 6D EB 1B 09 E9 5E D9 51   DB 67 22 61 A4 2A 3C 48  m....^.Q.g"a.*<H
0010: 77 E3 A0 7C A6 DE 73 A2   14 03 85 3D FB AB 0E 30  w.....s....=...0
0020: C5 83 16 33 81 13 08 9E   7B 34 4E DF 40 C8 74 D7  ...3.....4N.@.t.
0030: B9 7D DC F4 76 55 7D 9B   63 54 18 E9 F0 EA F3 5C  ....vU..cT.....\
0040: B1 D9 8B 42 1E B9 C0 95   4E BA FA D5 E2 7C F5 68  ...B....N......h
0050: 61 BF 8E EC 05 97 5F 5B   B0 D7 A3 85 34 C4 24 A7  a....._[....4.$.
0060: 0D 0F 95 93 EF CB 94 D8   9E 1F 9D 5C 85 6D C7 AA  ...........\.m..
0070: AE 4F 1F 22 B5 CD 95 AD   BA A7 CC F9 AB 0B 7A 7F  .O."..........z.

]]]

[2019-04-05T12:47:55.962+0300] [glassfish 5.0] [INFO] [] [org.hibernate.validator.internal.util.Version] [tid: _ThreadID=42 _ThreadName=admin-listener(2)] [timeMillis: 1554457675962] [levelValue: 800] [[
  HV000001: Hibernate Validator 6.0.2.Final]]

[2019-04-05T12:47:58.261+0300] [glassfish 5.0] [INFO] [NCLS-REST-00001] [javax.enterprise.admin.rest] [tid: _ThreadID=42 _ThreadName=admin-listener(2)] [timeMillis: 1554457678261] [levelValue: 800] [[
  Listening to REST requests at context: /management/domain.]]

[2019-04-05T12:47:58.552+0300] [glassfish 5.0] [INFO] [NCLS-BOOTSTRAP-00027] [javax.enterprise.bootstrap] [tid: _ThreadID=1 _ThreadName=main] [timeMillis: 1554457678552] [levelValue: 800] [[
  Registered com.sun.enterprise.glassfish.bootstrap.osgi.EmbeddedOSGiGlassFishImpl@44de0113 as OSGi service registration: org.apache.felix.framework.ServiceRegistrationImpl@58d63b16.]]

[2019-04-05T12:47:59.051+0300] [glassfish 5.0] [INFO] [] [javax.enterprise.system.tools.deployment.common] [tid: _ThreadID=80 _ThreadName=Thread-23] [timeMillis: 1554457679051] [levelValue: 800] [[
  visiting unvisited references]]

[2019-04-05T12:47:59.395+0300] [glassfish 5.0] [INFO] [NCLS-REST-00001] [javax.enterprise.admin.rest] [tid: _ThreadID=43 _ThreadName=admin-listener(3)] [timeMillis: 1554457679395] [levelValue: 800] [[
  Listening to REST requests at context: /command/domain.]]

[2019-04-05T12:47:59.545+0300] [glassfish 5.0] [INFO] [NCLS-CORE-00092] [javax.enterprise.system.core] [tid: _ThreadID=97 _ThreadName=Thread-31] [timeMillis: 1554457679545] [levelValue: 800] [[
  Server shutdown initiated]]

[2019-04-05T12:47:59.572+0300] [glassfish 5.0] [INFO] [NCLS-BOOTSTRAP-00028] [javax.enterprise.bootstrap] [tid: _ThreadID=97 _ThreadName=Thread-31] [timeMillis: 1554457679572] [levelValue: 800] [[
  Unregistered com.sun.enterprise.glassfish.bootstrap.osgi.EmbeddedOSGiGlassFishImpl@44de0113 from service registry.]]

[2019-04-05T12:47:59.573+0300] [glassfish 5.0] [INFO] [] [] [tid: _ThreadID=97 _ThreadName=Thread-8] [timeMillis: 1554457679573] [levelValue: 800] [[
  FileMonitoring shutdown]]

[2019-04-05T12:47:59.635+0300] [glassfish 5.0] [INFO] [NCLS-JMX-00002] [javax.enterprise.system.jmx] [tid: _ThreadID=97 _ThreadName=Thread-31] [timeMillis: 1554457679635] [levelValue: 800] [[
  JMXStartupService: Stopped JMXConnectorServer: null]]

[2019-04-05T12:47:59.637+0300] [glassfish 5.0] [INFO] [NCLS-JMX-00001] [javax.enterprise.system.jmx] [tid: _ThreadID=97 _ThreadName=Thread-31] [timeMillis: 1554457679637] [levelValue: 800] [[
  JMXStartupService and JMXConnectors have been shut down.]]

[2019-04-05T12:48:00.194+0300] [glassfish 5.0] [INFO] [AS-WEB-GLUE-00198] [javax.enterprise.web] [tid: _ThreadID=80 _ThreadName=Thread-23] [timeMillis: 1554457680194] [levelValue: 800] [[
  Created HTTP listener http-listener-1 on host/port 0.0.0.0:8080]]

[2019-04-05T12:48:00.208+0300] [glassfish 5.0] [INFO] [AS-WEB-GLUE-00198] [javax.enterprise.web] [tid: _ThreadID=80 _ThreadName=Thread-23] [timeMillis: 1554457680208] [levelValue: 800] [[
  Created HTTP listener http-listener-2 on host/port 0.0.0.0:8181]]

[2019-04-05T12:48:00.214+0300] [glassfish 5.0] [INFO] [AS-WEB-GLUE-00198] [javax.enterprise.web] [tid: _ThreadID=80 _ThreadName=Thread-23] [timeMillis: 1554457680214] [levelValue: 800] [[
  Created HTTP listener admin-listener on host/port 0.0.0.0:4848]]

[2019-04-05T12:48:00.300+0300] [glassfish 5.0] [SEVERE] [AS-WEB-GLUE-00152] [javax.enterprise.web] [tid: _ThreadID=80 _ThreadName=Thread-23] [timeMillis: 1554457680300] [levelValue: 1000] [[
  Error adding HttpProbes
java.lang.NullPointerException
	at org.glassfish.grizzly.config.GenericGrizzlyListener.getFilters(GenericGrizzlyListener.java:272)
	at org.glassfish.grizzly.config.GenericGrizzlyListener.getFilters(GenericGrizzlyListener.java:222)
	at com.sun.enterprise.web.VirtualServer.addProbes(VirtualServer.java:1650)
	at com.sun.enterprise.web.WebContainer.configureHost(WebContainer.java:1322)
	at com.sun.enterprise.web.WebContainer.createHost(WebContainer.java:1249)
	at com.sun.enterprise.web.WebContainer.createHosts(WebContainer.java:1186)
	at com.sun.enterprise.web.WebContainer.postConstruct(WebContainer.java:598)
	at org.jvnet.hk2.internal.ClazzCreator.postConstructMe(ClazzCreator.java:327)
	at org.jvnet.hk2.internal.ClazzCreator.create(ClazzCreator.java:375)
	at org.jvnet.hk2.internal.SystemDescriptor.create(SystemDescriptor.java:487)
	at org.jvnet.hk2.internal.SingletonContext$1.compute(SingletonContext.java:83)
	at org.jvnet.hk2.internal.SingletonContext$1.compute(SingletonContext.java:71)
	at org.glassfish.hk2.utilities.cache.Cache$OriginThreadAwareFuture$1.call(Cache.java:97)
	at java.util.concurrent.FutureTask.run(FutureTask.java:266)
	at org.glassfish.hk2.utilities.cache.Cache$OriginThreadAwareFuture.run(Cache.java:154)
	at org.glassfish.hk2.utilities.cache.Cache.compute(Cache.java:199)
	at org.jvnet.hk2.internal.SingletonContext.findOrCreate(SingletonContext.java:122)
	at org.jvnet.hk2.internal.Utilities.createService(Utilities.java:2126)
	at org.jvnet.hk2.internal.ServiceHandleImpl.getService(ServiceHandleImpl.java:116)
	at org.jvnet.hk2.internal.ServiceHandleImpl.getService(ServiceHandleImpl.java:90)
	at org.glassfish.internal.data.EngineInfo.getContainer(EngineInfo.java:86)
	at com.sun.enterprise.v3.server.ApplicationLifecycle.startContainers(ApplicationLifecycle.java:1011)
	at com.sun.enterprise.v3.server.ApplicationLifecycle.setupContainerInfos(ApplicationLifecycle.java:717)
	at com.sun.enterprise.v3.server.ApplicationLifecycle.deploy(ApplicationLifecycle.java:378)
	at com.sun.enterprise.v3.server.ApplicationLoaderService.processApplication(ApplicationLoaderService.java:406)
	at com.sun.enterprise.v3.admin.adapter.InstallerThread.load(InstallerThread.java:211)
	at com.sun.enterprise.v3.admin.adapter.InstallerThread.run(InstallerThread.java:100)
]]

[2019-04-05T12:48:00.302+0300] [glassfish 5.0] [SEVERE] [AS-WEB-GLUE-00152] [javax.enterprise.web] [tid: _ThreadID=80 _ThreadName=Thread-23] [timeMillis: 1554457680302] [levelValue: 1000] [[
  Error adding HttpProbes
java.lang.NullPointerException
	at org.glassfish.grizzly.config.GenericGrizzlyListener.getFilters(GenericGrizzlyListener.java:272)
	at org.glassfish.grizzly.config.GenericGrizzlyListener.getFilters(GenericGrizzlyListener.java:222)
	at com.sun.enterprise.web.VirtualServer.addProbes(VirtualServer.java:1650)
	at com.sun.enterprise.web.WebContainer.configureHost(WebContainer.java:1322)
	at com.sun.enterprise.web.WebContainer.createHost(WebContainer.java:1249)
	at com.sun.enterprise.web.WebContainer.createHosts(WebContainer.java:1186)
	at com.sun.enterprise.web.WebContainer.postConstruct(WebContainer.java:598)
	at org.jvnet.hk2.internal.ClazzCreator.postConstructMe(ClazzCreator.java:327)
	at org.jvnet.hk2.internal.ClazzCreator.create(ClazzCreator.java:375)
	at org.jvnet.hk2.internal.SystemDescriptor.create(SystemDescriptor.java:487)
	at org.jvnet.hk2.internal.SingletonContext$1.compute(SingletonContext.java:83)
	at org.jvnet.hk2.internal.SingletonContext$1.compute(SingletonContext.java:71)
	at org.glassfish.hk2.utilities.cache.Cache$OriginThreadAwareFuture$1.call(Cache.java:97)
	at java.util.concurrent.FutureTask.run(FutureTask.java:266)
	at org.glassfish.hk2.utilities.cache.Cache$OriginThreadAwareFuture.run(Cache.java:154)
	at org.glassfish.hk2.utilities.cache.Cache.compute(Cache.java:199)
	at org.jvnet.hk2.internal.SingletonContext.findOrCreate(SingletonContext.java:122)
	at org.jvnet.hk2.internal.Utilities.createService(Utilities.java:2126)
	at org.jvnet.hk2.internal.ServiceHandleImpl.getService(ServiceHandleImpl.java:116)
	at org.jvnet.hk2.internal.ServiceHandleImpl.getService(ServiceHandleImpl.java:90)
	at org.glassfish.internal.data.EngineInfo.getContainer(EngineInfo.java:86)
	at com.sun.enterprise.v3.server.ApplicationLifecycle.startContainers(ApplicationLifecycle.java:1011)
	at com.sun.enterprise.v3.server.ApplicationLifecycle.setupContainerInfos(ApplicationLifecycle.java:717)
	at com.sun.enterprise.v3.server.ApplicationLifecycle.deploy(ApplicationLifecycle.java:378)
	at com.sun.enterprise.v3.server.ApplicationLoaderService.processApplication(ApplicationLoaderService.java:406)
	at com.sun.enterprise.v3.admin.adapter.InstallerThread.load(InstallerThread.java:211)
	at com.sun.enterprise.v3.admin.adapter.InstallerThread.run(InstallerThread.java:100)
]]

[2019-04-05T12:48:00.836+0300] [glassfish 5.0] [INFO] [AS-WEB-GLUE-00200] [javax.enterprise.web] [tid: _ThreadID=80 _ThreadName=Thread-23] [timeMillis: 1554457680836] [levelValue: 800] [[
  Created virtual server server]]

[2019-04-05T12:48:00.840+0300] [glassfish 5.0] [SEVERE] [AS-WEB-GLUE-00152] [javax.enterprise.web] [tid: _ThreadID=80 _ThreadName=Thread-23] [timeMillis: 1554457680840] [levelValue: 1000] [[
  Error adding HttpProbes
java.lang.NullPointerException
	at org.glassfish.grizzly.config.GenericGrizzlyListener.getFilters(GenericGrizzlyListener.java:272)
	at org.glassfish.grizzly.config.GenericGrizzlyListener.getFilters(GenericGrizzlyListener.java:222)
	at com.sun.enterprise.web.VirtualServer.addProbes(VirtualServer.java:1650)
	at com.sun.enterprise.web.WebContainer.configureHost(WebContainer.java:1322)
	at com.sun.enterprise.web.WebContainer.createHost(WebContainer.java:1249)
	at com.sun.enterprise.web.WebContainer.createHosts(WebContainer.java:1186)
	at com.sun.enterprise.web.WebContainer.postConstruct(WebContainer.java:598)
	at org.jvnet.hk2.internal.ClazzCreator.postConstructMe(ClazzCreator.java:327)
	at org.jvnet.hk2.internal.ClazzCreator.create(ClazzCreator.java:375)
	at org.jvnet.hk2.internal.SystemDescriptor.create(SystemDescriptor.java:487)
	at org.jvnet.hk2.internal.SingletonContext$1.compute(SingletonContext.java:83)
	at org.jvnet.hk2.internal.SingletonContext$1.compute(SingletonContext.java:71)
	at org.glassfish.hk2.utilities.cache.Cache$OriginThreadAwareFuture$1.call(Cache.java:97)
	at java.util.concurrent.FutureTask.run(FutureTask.java:266)
	at org.glassfish.hk2.utilities.cache.Cache$OriginThreadAwareFuture.run(Cache.java:154)
	at org.glassfish.hk2.utilities.cache.Cache.compute(Cache.java:199)
	at org.jvnet.hk2.internal.SingletonContext.findOrCreate(SingletonContext.java:122)
	at org.jvnet.hk2.internal.Utilities.createService(Utilities.java:2126)
	at org.jvnet.hk2.internal.ServiceHandleImpl.getService(ServiceHandleImpl.java:116)
	at org.jvnet.hk2.internal.ServiceHandleImpl.getService(ServiceHandleImpl.java:90)
	at org.glassfish.internal.data.EngineInfo.getContainer(EngineInfo.java:86)
	at com.sun.enterprise.v3.server.ApplicationLifecycle.startContainers(ApplicationLifecycle.java:1011)
	at com.sun.enterprise.v3.server.ApplicationLifecycle.setupContainerInfos(ApplicationLifecycle.java:717)
	at com.sun.enterprise.v3.server.ApplicationLifecycle.deploy(ApplicationLifecycle.java:378)
	at com.sun.enterprise.v3.server.ApplicationLoaderService.processApplication(ApplicationLoaderService.java:406)
	at com.sun.enterprise.v3.admin.adapter.InstallerThread.load(InstallerThread.java:211)
	at com.sun.enterprise.v3.admin.adapter.InstallerThread.run(InstallerThread.java:100)
]]

[2019-04-05T12:48:00.844+0300] [glassfish 5.0] [INFO] [AS-WEB-GLUE-00200] [javax.enterprise.web] [tid: _ThreadID=80 _ThreadName=Thread-23] [timeMillis: 1554457680844] [levelValue: 800] [[
  Created virtual server __asadmin]]

[2019-04-05T12:48:01.151+0300] [glassfish 5.0] [INFO] [AS-WEB-CORE-00306] [javax.enterprise.web.core] [tid: _ThreadID=80 _ThreadName=Thread-23] [timeMillis: 1554457681151] [levelValue: 800] [[
  Setting JAAS app name glassfish-web]]

[2019-04-05T12:48:01.152+0300] [glassfish 5.0] [INFO] [AS-WEB-GLUE-00201] [javax.enterprise.web] [tid: _ThreadID=80 _ThreadName=Thread-23] [timeMillis: 1554457681152] [levelValue: 800] [[
  Virtual server server loaded default web module ]]

[2019-04-05T12:48:01.450+0300] [glassfish 5.0] [SEVERE] [] [javax.enterprise.system.core] [tid: _ThreadID=80 _ThreadName=Thread-23] [timeMillis: 1554457681450] [levelValue: 1000] [[
  Cannot instantiate or inject class com.sun.enterprise.web.WebDeployer]]

[2019-04-05T12:48:01.451+0300] [glassfish 5.0] [SEVERE] [] [javax.enterprise.system.core] [tid: _ThreadID=80 _ThreadName=Thread-23] [timeMillis: 1554457681451] [levelValue: 1000] [[
  Aborting, Failed to start container com.sun.enterprise.web.WebContainer]]

[2019-04-05T12:48:01.452+0300] [glassfish 5.0] [SEVERE] [] [javax.enterprise.system.core] [tid: _ThreadID=80 _ThreadName=Thread-23] [timeMillis: 1554457681452] [levelValue: 1000] [[
  Exception while deploying the app [__admingui]]]

[2019-04-05T12:48:01.453+0300] [glassfish 5.0] [SEVERE] [NCLS-CORE-00026] [javax.enterprise.system.core] [tid: _ThreadID=80 _ThreadName=Thread-23] [timeMillis: 1554457681453] [levelValue: 1000] [[
  Exception during lifecycle processing
java.lang.Exception: Aborting, Failed to start container com.sun.enterprise.web.WebContainer
	at com.sun.enterprise.v3.server.ApplicationLifecycle.setupContainerInfos(ApplicationLifecycle.java:720)
	at com.sun.enterprise.v3.server.ApplicationLifecycle.deploy(ApplicationLifecycle.java:378)
	at com.sun.enterprise.v3.server.ApplicationLoaderService.processApplication(ApplicationLoaderService.java:406)
	at com.sun.enterprise.v3.admin.adapter.InstallerThread.load(InstallerThread.java:211)
	at com.sun.enterprise.v3.admin.adapter.InstallerThread.run(InstallerThread.java:100)
]]

[2019-04-05T12:48:01.489+0300] [glassfish 5.0] [SEVERE] [NCLS-CORE-00041] [javax.enterprise.system.core] [tid: _ThreadID=80 _ThreadName=Thread-23] [timeMillis: 1554457681489] [levelValue: 1000] [[
  Application deployment failed: Exception while deploying the app [__admingui]]]

[2019-04-05T12:48:01.493+0300] [glassfish 5.0] [INFO] [] [] [tid: _ThreadID=104 _ThreadName=Thread-8] [timeMillis: 1554457681493] [levelValue: 800] [[
  JdbcRuntimeExtension,  getAllSystemRAResourcesAndPools = [GlassFishConfigBean.org.glassfish.jdbc.config.JdbcResource, GlassFishConfigBean.org.glassfish.jdbc.config.JdbcResource, GlassFishConfigBean.org.glassfish.jdbc.config.JdbcConnectionPool, GlassFishConfigBean.org.glassfish.jdbc.config.JdbcConnectionPool]]]

[2019-04-05T12:48:15.486+0300] [] [INFO] [NCLS-GFLAUNCHER-00005] [javax.enterprise.launcher] [tid: _ThreadID=1 _ThreadName=main] [timeMillis: 1554457695486] [levelValue: 800] [[
  JVM invocation command line:
/Library/Java/JavaVirtualMachines/jdk1.8.0_201.jdk/Contents/Home/bin/java
-cp
/Users/dilshod070/Downloads/glassfish5/glassfish/modules/glassfish.jar
-XX:+UnlockDiagnosticVMOptions
-XX:NewRatio=2
-XX:MaxPermSize=192m
-Xmx512m
-javaagent:/Users/dilshod070/Downloads/glassfish5/glassfish/lib/monitor/flashlight-agent.jar
-client
-Djavax.xml.accessExternalSchema=all
-Djavax.net.ssl.trustStore=/Users/dilshod070/Downloads/glassfish5/glassfish/domains/domain1/config/cacerts.jks
-Djdk.tls.rejectClientInitiatedRenegotiation=true
-Djdk.corba.allowOutputStreamSubclass=true
-Dfelix.fileinstall.dir=/Users/dilshod070/Downloads/glassfish5/glassfish/modules/autostart/
-Dorg.glassfish.additionalOSGiBundlesToStart=org.apache.felix.shell,org.apache.felix.gogo.runtime,org.apache.felix.gogo.shell,org.apache.felix.gogo.command,org.apache.felix.shell.remote,org.apache.felix.fileinstall
-Dcom.sun.aas.installRoot=/Users/dilshod070/Downloads/glassfish5/glassfish
-Dfelix.fileinstall.poll=5000
-Djava.endorsed.dirs=/Users/dilshod070/Downloads/glassfish5/glassfish/modules/endorsed:/Users/dilshod070/Downloads/glassfish5/glassfish/lib/endorsed
-Djava.security.policy=/Users/dilshod070/Downloads/glassfish5/glassfish/domains/domain1/config/server.policy
-Dosgi.shell.telnet.maxconn=1
-Dfelix.fileinstall.bundles.startTransient=true
-Dcom.sun.enterprise.config.config_environment_factory_class=com.sun.enterprise.config.serverbeans.AppserverConfigEnvironmentFactory
-Dfelix.fileinstall.log.level=2
-Djavax.net.ssl.keyStore=/Users/dilshod070/Downloads/glassfish5/glassfish/domains/domain1/config/keystore.jks
-Djava.security.auth.login.config=/Users/dilshod070/Downloads/glassfish5/glassfish/domains/domain1/config/login.conf
-Dfelix.fileinstall.disableConfigSave=false
-Dfelix.fileinstall.bundles.new.start=true
-Dcom.sun.aas.instanceRoot=/Users/dilshod070/Downloads/glassfish5/glassfish/domains/domain1
-Dosgi.shell.telnet.port=6666
-Dgosh.args=--nointeractive
-Dcom.sun.enterprise.security.httpsOutboundKeyAlias=s1as
-Dosgi.shell.telnet.ip=127.0.0.1
-DANTLR_USE_DIRECT_CLASS_LOADING=true
-Djava.awt.headless=true
-Dcom.ctc.wstx.returnNullForDefaultNamespace=true
-Djava.ext.dirs=/Library/Java/JavaVirtualMachines/jdk1.8.0_201.jdk/Contents/Home/lib/ext:/Library/Java/JavaVirtualMachines/jdk1.8.0_201.jdk/Contents/Home/jre/lib/ext:/Users/dilshod070/Downloads/glassfish5/glassfish/domains/domain1/lib/ext
-Djdbc.drivers=org.apache.derby.jdbc.ClientDriver
-Djava.library.path=/Users/dilshod070/Downloads/glassfish5/glassfish/lib:/Users/dilshod070/Library/Java/Extensions:/Library/Java/Extensions:/Network/Library/Java/Extensions:/System/Library/Java/Extensions:/usr/lib/java:/Users/dilshod070/Downloads/glassfish5/bin
com.sun.enterprise.glassfish.bootstrap.ASMain
-upgrade
false
-domaindir
/Users/dilshod070/Downloads/glassfish5/glassfish/domains/domain1
-read-stdin
true
-asadmin-args
--host,,,localhost,,,--port,,,4848,,,--secure=false,,,--terse=false,,,--echo=false,,,--interactive=true,,,start-domain,,,--verbose=false,,,--watchdog=false,,,--debug=false,,,--domaindir,,,/Users/dilshod070/Downloads/glassfish5/glassfish/domains,,,domain1
-domainname
domain1
-instancename
server
-type
DAS
-verbose
false
-asadmin-classpath
/Users/dilshod070/Downloads/glassfish5/glassfish/lib/client/appserver-cli.jar
-debug
false
-asadmin-classname
com.sun.enterprise.admin.cli.AdminMain]]

[2019-04-05T12:48:18.104+0300] [glassfish 5.0] [INFO] [NCLS-LOGGING-00009] [javax.enterprise.logging] [tid: _ThreadID=16 _ThreadName=RunLevelControllerThread-1554457697978] [timeMillis: 1554457698104] [levelValue: 800] [[
  Running GlassFish Version: GlassFish Server Open Source Edition  5.0  (build 25)]]

[2019-04-05T12:48:18.107+0300] [glassfish 5.0] [INFO] [NCLS-LOGGING-00010] [javax.enterprise.logging] [tid: _ThreadID=16 _ThreadName=RunLevelControllerThread-1554457697978] [timeMillis: 1554457698107] [levelValue: 800] [[
  Server log file is using Formatter class: com.sun.enterprise.server.logging.ODLLogFormatter]]

[2019-04-05T12:48:18.231+0300] [glassfish 5.0] [INFO] [NCLS-SECURITY-01115] [javax.enterprise.system.core.security] [tid: _ThreadID=15 _ThreadName=RunLevelControllerThread-1554457697977] [timeMillis: 1554457698231] [levelValue: 800] [[
  Realm [admin-realm] of classtype [com.sun.enterprise.security.auth.realm.file.FileRealm] successfully created.]]

[2019-04-05T12:48:18.233+0300] [glassfish 5.0] [INFO] [NCLS-SECURITY-01115] [javax.enterprise.system.core.security] [tid: _ThreadID=15 _ThreadName=RunLevelControllerThread-1554457697977] [timeMillis: 1554457698233] [levelValue: 800] [[
  Realm [file] of classtype [com.sun.enterprise.security.auth.realm.file.FileRealm] successfully created.]]

[2019-04-05T12:48:18.238+0300] [glassfish 5.0] [INFO] [NCLS-SECURITY-01115] [javax.enterprise.system.core.security] [tid: _ThreadID=15 _ThreadName=RunLevelControllerThread-1554457697977] [timeMillis: 1554457698238] [levelValue: 800] [[
  Realm [certificate] of classtype [com.sun.enterprise.security.auth.realm.certificate.CertificateRealm] successfully created.]]

[2019-04-05T12:48:18.439+0300] [glassfish 5.0] [INFO] [SEC-SVCS-00100] [javax.enterprise.security.services] [tid: _ThreadID=18 _ThreadName=RunLevelControllerThread-1554457697985] [timeMillis: 1554457698439] [levelValue: 800] [[
  Authorization Service has successfully initialized.]]

[2019-04-05T12:48:18.620+0300] [glassfish 5.0] [INFO] [] [org.glassfish.ha.store.spi.BackingStoreFactoryRegistry] [tid: _ThreadID=18 _ThreadName=RunLevelControllerThread-1554457697985] [timeMillis: 1554457698620] [levelValue: 800] [[
  Registered org.glassfish.ha.store.adapter.cache.ShoalBackingStoreProxy for persistence-type = replicated in BackingStoreFactoryRegistry]]

[2019-04-05T12:48:18.820+0300] [glassfish 5.0] [INFO] [NCLS-CORE-00087] [javax.enterprise.system.core] [tid: _ThreadID=15 _ThreadName=RunLevelControllerThread-1554457697977] [timeMillis: 1554457698820] [levelValue: 800] [[
  Grizzly Framework 2.4.1 started in: 54ms - bound to [/0.0.0.0:8080]]]

[2019-04-05T12:48:18.849+0300] [glassfish 5.0] [INFO] [NCLS-CORE-00087] [javax.enterprise.system.core] [tid: _ThreadID=15 _ThreadName=RunLevelControllerThread-1554457697977] [timeMillis: 1554457698849] [levelValue: 800] [[
  Grizzly Framework 2.4.1 started in: 1ms - bound to [/0.0.0.0:8181]]]

[2019-04-05T12:48:18.859+0300] [glassfish 5.0] [INFO] [NCLS-CORE-00087] [javax.enterprise.system.core] [tid: _ThreadID=15 _ThreadName=RunLevelControllerThread-1554457697977] [timeMillis: 1554457698859] [levelValue: 800] [[
  Grizzly Framework 2.4.1 started in: 1ms - bound to [/0.0.0.0:4848]]]

[2019-04-05T12:48:18.909+0300] [glassfish 5.0] [INFO] [NCLS-CORE-00087] [javax.enterprise.system.core] [tid: _ThreadID=18 _ThreadName=RunLevelControllerThread-1554457697985] [timeMillis: 1554457698909] [levelValue: 800] [[
  Grizzly Framework 2.4.1 started in: 0ms - bound to [/0.0.0.0:3700]]]

[2019-04-05T12:48:18.910+0300] [glassfish 5.0] [INFO] [NCLS-CORE-00017] [javax.enterprise.system.core] [tid: _ThreadID=1 _ThreadName=main] [timeMillis: 1554457698910] [levelValue: 800] [[
  GlassFish Server Open Source Edition  5.0  (25) startup time : Felix (2 214ms), startup services(941ms), total(3 155ms)]]

[2019-04-05T12:48:19.044+0300] [glassfish 5.0] [INFO] [jts.startup_msg] [javax.enterprise.system.core.transaction.com.sun.jts.CosTransactions] [tid: _ThreadID=15 _ThreadName=RunLevelControllerThread-1554457697977] [timeMillis: 1554457699044] [levelValue: 800] [[
  JTS5014: Recoverable JTS instance, serverId = [100]]]

[2019-04-05T12:48:19.150+0300] [glassfish 5.0] [INFO] [NCLS-CORE-00087] [javax.enterprise.system.core] [tid: _ThreadID=18 _ThreadName=RunLevelControllerThread-1554457697985] [timeMillis: 1554457699150] [levelValue: 800] [[
  Grizzly Framework 2.4.1 started in: 1ms - bound to [/0.0.0.0:7676]]]

[2019-04-05T12:48:19.220+0300] [glassfish 5.0] [INFO] [NCLS-JMX-00005] [javax.enterprise.system.jmx] [tid: _ThreadID=52 _ThreadName=Thread-14] [timeMillis: 1554457699220] [levelValue: 800] [[
  JMXStartupService has started JMXConnector on JMXService URL service:jmx:rmi://192.168.1.36:8686/jndi/rmi://192.168.1.36:8686/jmxrmi]]

[2019-04-05T12:48:20.345+0300] [glassfish 5.0] [SEVERE] [NCLS-SECURITY-05054] [javax.enterprise.system.security.ssl] [tid: _ThreadID=41 _ThreadName=admin-listener(1)] [timeMillis: 1554457700345] [levelValue: 1000] [[
  The SSL certificate has expired: [
[
  Version: V3
  Subject: OU=Equifax Secure Certificate Authority, O=Equifax, C=US
  Signature Algorithm: SHA1withRSA, OID = 1.2.840.113549.1.1.5

  Key:  Sun RSA public key, 1024 bits
  modulus: 135786214035069526348186531221551781468391756233528066061569654028671100866720352830303278016129003918213826297308054231261658522889438712013757624116391437358730449661353175673177742307421061340003741057138887918110217006515773038453829253517076741780039735595086881329494037450587568122088113584549069375417
  public exponent: 65537
  Validity: [From: Sat Aug 22 20:41:51 MSD 1998,
               To: Wed Aug 22 19:41:51 MSK 2018]
  Issuer: OU=Equifax Secure Certificate Authority, O=Equifax, C=US
  SerialNumber: [    35def4cf]

Certificate Extensions: 7
[1]: ObjectId: 1.2.840.113533.7.65.0 Criticality=false
Extension unknown: DER encoded OCTET string =
0000: 04 0D 30 0B 1B 05 56 33   2E 30 63 03 02 06 C0     ..0...V3.0c....


[2]: ObjectId: 2.5.29.35 Criticality=false
AuthorityKeyIdentifier [
KeyIdentifier [
0000: 48 E6 68 F9 2B D2 B2 95   D7 47 D8 23 20 10 4F 33  H.h.+....G.# .O3
0010: 98 90 9F D4                                        ....
]
]

[3]: ObjectId: 2.5.29.19 Criticality=false
BasicConstraints:[
  CA:true
  PathLen:2147483647
]

[4]: ObjectId: 2.5.29.31 Criticality=false
CRLDistributionPoints [
  [DistributionPoint:
     [CN=CRL1, OU=Equifax Secure Certificate Authority, O=Equifax, C=US]
]]

[5]: ObjectId: 2.5.29.15 Criticality=false
KeyUsage [
  Key_CertSign
  Crl_Sign
]

[6]: ObjectId: 2.5.29.16 Criticality=false
PrivateKeyUsage: [
To: Wed Aug 22 19:41:51 MSK 2018]

[7]: ObjectId: 2.5.29.14 Criticality=false
SubjectKeyIdentifier [
KeyIdentifier [
0000: 48 E6 68 F9 2B D2 B2 95   D7 47 D8 23 20 10 4F 33  H.h.+....G.# .O3
0010: 98 90 9F D4                                        ....
]
]

]
  Algorithm: [SHA1withRSA]
  Signature:
0000: 58 CE 29 EA FC F7 DE B5   CE 02 B9 17 B5 85 D1 B9  X.).............
0010: E3 E0 95 CC 25 31 0D 00   A6 92 6E 7F B6 92 63 9E  ....%1....n...c.
0020: 50 95 D1 9A 6F E4 11 DE   63 85 6E 98 EE A8 FF 5A  P...o...c.n....Z
0030: C8 D3 55 B2 66 71 57 DE   C0 21 EB 3D 2A A7 23 49  ..U.fqW..!.=*.#I
0040: 01 04 86 42 7B FC EE 7F   A2 16 52 B5 67 67 D3 40  ...B......R.gg.@
0050: DB 3B 26 58 B2 28 77 3D   AE 14 77 61 D6 FA 2A 66  .;&X.(w=..wa..*f
0060: 27 A0 0D FA A7 73 5C EA   70 F1 94 21 65 44 5F FA  '....s\.p..!eD_.
0070: FC EF 29 68 A9 A2 87 79   EF 79 EF 4F AC 07 77 38  ..)h...y.y.O..w8

]]]

[2019-04-05T12:48:20.355+0300] [glassfish 5.0] [SEVERE] [NCLS-SECURITY-05054] [javax.enterprise.system.security.ssl] [tid: _ThreadID=41 _ThreadName=admin-listener(1)] [timeMillis: 1554457700355] [levelValue: 1000] [[
  The SSL certificate has expired: [
[
  Version: V1
  Subject: CN=GTE CyberTrust Global Root, OU="GTE CyberTrust Solutions, Inc.", O=GTE Corporation, C=US
  Signature Algorithm: MD5withRSA, OID = 1.2.840.113549.1.1.4

  Key:  Sun RSA public key, 1024 bits
  modulus: 104674226241368487598835828377585222181792546532354327780214427055917513664449991602803276678454577364904540367827644455215731003386468752240014232146814457308076052176227490263634768927290191763858631579785604655038492469791381988347440106477066514204303723029602991655085187937840556671697442212352844587673
  public exponent: 65537
  Validity: [From: Thu Aug 13 04:29:00 MSD 1998,
               To: Tue Aug 14 02:59:00 MSK 2018]
  Issuer: CN=GTE CyberTrust Global Root, OU="GTE CyberTrust Solutions, Inc.", O=GTE Corporation, C=US
  SerialNumber: [    01a5]

]
  Algorithm: [MD5withRSA]
  Signature:
0000: 6D EB 1B 09 E9 5E D9 51   DB 67 22 61 A4 2A 3C 48  m....^.Q.g"a.*<H
0010: 77 E3 A0 7C A6 DE 73 A2   14 03 85 3D FB AB 0E 30  w.....s....=...0
0020: C5 83 16 33 81 13 08 9E   7B 34 4E DF 40 C8 74 D7  ...3.....4N.@.t.
0030: B9 7D DC F4 76 55 7D 9B   63 54 18 E9 F0 EA F3 5C  ....vU..cT.....\
0040: B1 D9 8B 42 1E B9 C0 95   4E BA FA D5 E2 7C F5 68  ...B....N......h
0050: 61 BF 8E EC 05 97 5F 5B   B0 D7 A3 85 34 C4 24 A7  a....._[....4.$.
0060: 0D 0F 95 93 EF CB 94 D8   9E 1F 9D 5C 85 6D C7 AA  ...........\.m..
0070: AE 4F 1F 22 B5 CD 95 AD   BA A7 CC F9 AB 0B 7A 7F  .O."..........z.

]]]

[2019-04-05T12:48:20.484+0300] [glassfish 5.0] [INFO] [] [org.hibernate.validator.internal.util.Version] [tid: _ThreadID=41 _ThreadName=admin-listener(1)] [timeMillis: 1554457700484] [levelValue: 800] [[
  HV000001: Hibernate Validator 6.0.2.Final]]

[2019-04-05T12:48:22.659+0300] [glassfish 5.0] [INFO] [NCLS-REST-00001] [javax.enterprise.admin.rest] [tid: _ThreadID=41 _ThreadName=admin-listener(1)] [timeMillis: 1554457702659] [levelValue: 800] [[
  Listening to REST requests at context: /management/domain.]]

[2019-04-05T12:48:22.905+0300] [glassfish 5.0] [INFO] [NCLS-BOOTSTRAP-00027] [javax.enterprise.bootstrap] [tid: _ThreadID=1 _ThreadName=main] [timeMillis: 1554457702905] [levelValue: 800] [[
  Registered com.sun.enterprise.glassfish.bootstrap.osgi.EmbeddedOSGiGlassFishImpl@44de0113 as OSGi service registration: org.apache.felix.framework.ServiceRegistrationImpl@58d63b16.]]

[2019-04-05T12:48:23.433+0300] [glassfish 5.0] [INFO] [] [javax.enterprise.system.tools.deployment.common] [tid: _ThreadID=80 _ThreadName=Thread-22] [timeMillis: 1554457703433] [levelValue: 800] [[
  visiting unvisited references]]

[2019-04-05T12:48:23.946+0300] [glassfish 5.0] [INFO] [AS-WEB-GLUE-00198] [javax.enterprise.web] [tid: _ThreadID=80 _ThreadName=Thread-22] [timeMillis: 1554457703946] [levelValue: 800] [[
  Created HTTP listener http-listener-1 on host/port 0.0.0.0:8080]]

[2019-04-05T12:48:23.953+0300] [glassfish 5.0] [INFO] [AS-WEB-GLUE-00198] [javax.enterprise.web] [tid: _ThreadID=80 _ThreadName=Thread-22] [timeMillis: 1554457703953] [levelValue: 800] [[
  Created HTTP listener http-listener-2 on host/port 0.0.0.0:8181]]

[2019-04-05T12:48:23.955+0300] [glassfish 5.0] [INFO] [AS-WEB-GLUE-00198] [javax.enterprise.web] [tid: _ThreadID=80 _ThreadName=Thread-22] [timeMillis: 1554457703955] [levelValue: 800] [[
  Created HTTP listener admin-listener on host/port 0.0.0.0:4848]]

[2019-04-05T12:48:23.988+0300] [glassfish 5.0] [INFO] [AS-WEB-GLUE-00200] [javax.enterprise.web] [tid: _ThreadID=80 _ThreadName=Thread-22] [timeMillis: 1554457703988] [levelValue: 800] [[
  Created virtual server server]]

[2019-04-05T12:48:23.992+0300] [glassfish 5.0] [INFO] [AS-WEB-GLUE-00200] [javax.enterprise.web] [tid: _ThreadID=80 _ThreadName=Thread-22] [timeMillis: 1554457703992] [levelValue: 800] [[
  Created virtual server __asadmin]]

[2019-04-05T12:48:24.626+0300] [glassfish 5.0] [INFO] [AS-WEB-CORE-00306] [javax.enterprise.web.core] [tid: _ThreadID=80 _ThreadName=Thread-22] [timeMillis: 1554457704626] [levelValue: 800] [[
  Setting JAAS app name glassfish-web]]

[2019-04-05T12:48:24.627+0300] [glassfish 5.0] [INFO] [AS-WEB-GLUE-00201] [javax.enterprise.web] [tid: _ThreadID=80 _ThreadName=Thread-22] [timeMillis: 1554457704627] [levelValue: 800] [[
  Virtual server server loaded default web module ]]

[2019-04-05T12:48:24.858+0300] [glassfish 5.0] [INFO] [NCLS-SECURITY-01002] [javax.enterprise.system.core.security] [tid: _ThreadID=80 _ThreadName=Thread-22] [timeMillis: 1554457704858] [levelValue: 800] [[
  Java security manager is disabled.]]

[2019-04-05T12:48:24.859+0300] [glassfish 5.0] [INFO] [NCLS-SECURITY-01010] [javax.enterprise.system.core.security] [tid: _ThreadID=80 _ThreadName=Thread-22] [timeMillis: 1554457704859] [levelValue: 800] [[
  Entering Security Startup Service.]]

[2019-04-05T12:48:24.862+0300] [glassfish 5.0] [INFO] [NCLS-SECURITY-01143] [javax.enterprise.system.core.security] [tid: _ThreadID=80 _ThreadName=Thread-22] [timeMillis: 1554457704862] [levelValue: 800] [[
  Loading policy provider com.sun.enterprise.security.provider.PolicyWrapper.]]

[2019-04-05T12:48:24.905+0300] [glassfish 5.0] [INFO] [NCLS-SECURITY-01011] [javax.enterprise.system.core.security] [tid: _ThreadID=80 _ThreadName=Thread-22] [timeMillis: 1554457704905] [levelValue: 800] [[
  Security Service(s) started successfully.]]

[2019-04-05T12:48:25.165+0300] [glassfish 5.0] [INFO] [] [javax.enterprise.system.tools.deployment.common] [tid: _ThreadID=80 _ThreadName=Thread-22] [timeMillis: 1554457705165] [levelValue: 800] [[
  visiting unvisited references]]

[2019-04-05T12:48:25.188+0300] [glassfish 5.0] [INFO] [] [javax.enterprise.system.tools.deployment.common] [tid: _ThreadID=80 _ThreadName=Thread-22] [timeMillis: 1554457705188] [levelValue: 800] [[
  visiting unvisited references]]

[2019-04-05T12:48:25.190+0300] [glassfish 5.0] [INFO] [] [javax.enterprise.system.tools.deployment.common] [tid: _ThreadID=80 _ThreadName=Thread-22] [timeMillis: 1554457705190] [levelValue: 800] [[
  visiting unvisited references]]

[2019-04-05T12:48:26.421+0300] [glassfish 5.0] [INFO] [jsf.config.listener.version] [javax.enterprise.resource.webcontainer.jsf.config] [tid: _ThreadID=80 _ThreadName=Thread-22] [timeMillis: 1554457706421] [levelValue: 800] [[
  Initializing Mojarra 2.3.2 ( 20170627-2139 e63598abf2ed2bb1a24674f308a734e0dce18a72) for context '']]

[2019-04-05T12:48:27.888+0300] [glassfish 5.0] [INFO] [AS-WEB-GLUE-00172] [javax.enterprise.web] [tid: _ThreadID=80 _ThreadName=Thread-22] [timeMillis: 1554457707888] [levelValue: 800] [[
  Loading application [__admingui] at [/]]]

[2019-04-05T12:48:27.893+0300] [glassfish 5.0] [INFO] [NCLS-CORE-00022] [javax.enterprise.system.core] [tid: _ThreadID=80 _ThreadName=Thread-22] [timeMillis: 1554457707893] [levelValue: 800] [[
  Loading application __admingui done in 4 991 ms]]

[2019-04-05T12:49:28.790+0300] [glassfish 5.0] [WARNING] [] [javax.enterprise.system.container.web.com.sun.web.security] [tid: _ThreadID=43 _ThreadName=admin-listener(3)] [timeMillis: 1554457768790] [levelValue: 900] [[
  Context path from ServletContext:  differs from path from bundle: /]]

[2019-04-05T12:49:29.417+0300] [glassfish 5.0] [SEVERE] [NCLS-SECURITY-05054] [javax.enterprise.system.security.ssl] [tid: _ThreadID=43 _ThreadName=admin-listener(3)] [timeMillis: 1554457769417] [levelValue: 1000] [[
  The SSL certificate has expired: [
[
  Version: V3
  Subject: OU=Equifax Secure Certificate Authority, O=Equifax, C=US
  Signature Algorithm: SHA1withRSA, OID = 1.2.840.113549.1.1.5

  Key:  Sun RSA public key, 1024 bits
  modulus: 135786214035069526348186531221551781468391756233528066061569654028671100866720352830303278016129003918213826297308054231261658522889438712013757624116391437358730449661353175673177742307421061340003741057138887918110217006515773038453829253517076741780039735595086881329494037450587568122088113584549069375417
  public exponent: 65537
  Validity: [From: Sat Aug 22 20:41:51 MSD 1998,
               To: Wed Aug 22 19:41:51 MSK 2018]
  Issuer: OU=Equifax Secure Certificate Authority, O=Equifax, C=US
  SerialNumber: [    35def4cf]

Certificate Extensions: 7
[1]: ObjectId: 1.2.840.113533.7.65.0 Criticality=false
Extension unknown: DER encoded OCTET string =
0000: 04 0D 30 0B 1B 05 56 33   2E 30 63 03 02 06 C0     ..0...V3.0c....


[2]: ObjectId: 2.5.29.35 Criticality=false
AuthorityKeyIdentifier [
KeyIdentifier [
0000: 48 E6 68 F9 2B D2 B2 95   D7 47 D8 23 20 10 4F 33  H.h.+....G.# .O3
0010: 98 90 9F D4                                        ....
]
]

[3]: ObjectId: 2.5.29.19 Criticality=false
BasicConstraints:[
  CA:true
  PathLen:2147483647
]

[4]: ObjectId: 2.5.29.31 Criticality=false
CRLDistributionPoints [
  [DistributionPoint:
     [CN=CRL1, OU=Equifax Secure Certificate Authority, O=Equifax, C=US]
]]

[5]: ObjectId: 2.5.29.15 Criticality=false
KeyUsage [
  Key_CertSign
  Crl_Sign
]

[6]: ObjectId: 2.5.29.16 Criticality=false
PrivateKeyUsage: [
To: Wed Aug 22 19:41:51 MSK 2018]

[7]: ObjectId: 2.5.29.14 Criticality=false
SubjectKeyIdentifier [
KeyIdentifier [
0000: 48 E6 68 F9 2B D2 B2 95   D7 47 D8 23 20 10 4F 33  H.h.+....G.# .O3
0010: 98 90 9F D4                                        ....
]
]

]
  Algorithm: [SHA1withRSA]
  Signature:
0000: 58 CE 29 EA FC F7 DE B5   CE 02 B9 17 B5 85 D1 B9  X.).............
0010: E3 E0 95 CC 25 31 0D 00   A6 92 6E 7F B6 92 63 9E  ....%1....n...c.
0020: 50 95 D1 9A 6F E4 11 DE   63 85 6E 98 EE A8 FF 5A  P...o...c.n....Z
0030: C8 D3 55 B2 66 71 57 DE   C0 21 EB 3D 2A A7 23 49  ..U.fqW..!.=*.#I
0040: 01 04 86 42 7B FC EE 7F   A2 16 52 B5 67 67 D3 40  ...B......R.gg.@
0050: DB 3B 26 58 B2 28 77 3D   AE 14 77 61 D6 FA 2A 66  .;&X.(w=..wa..*f
0060: 27 A0 0D FA A7 73 5C EA   70 F1 94 21 65 44 5F FA  '....s\.p..!eD_.
0070: FC EF 29 68 A9 A2 87 79   EF 79 EF 4F AC 07 77 38  ..)h...y.y.O..w8

]]]

[2019-04-05T12:49:29.421+0300] [glassfish 5.0] [SEVERE] [NCLS-SECURITY-05054] [javax.enterprise.system.security.ssl] [tid: _ThreadID=43 _ThreadName=admin-listener(3)] [timeMillis: 1554457769421] [levelValue: 1000] [[
  The SSL certificate has expired: [
[
  Version: V1
  Subject: CN=GTE CyberTrust Global Root, OU="GTE CyberTrust Solutions, Inc.", O=GTE Corporation, C=US
  Signature Algorithm: MD5withRSA, OID = 1.2.840.113549.1.1.4

  Key:  Sun RSA public key, 1024 bits
  modulus: 104674226241368487598835828377585222181792546532354327780214427055917513664449991602803276678454577364904540367827644455215731003386468752240014232146814457308076052176227490263634768927290191763858631579785604655038492469791381988347440106477066514204303723029602991655085187937840556671697442212352844587673
  public exponent: 65537
  Validity: [From: Thu Aug 13 04:29:00 MSD 1998,
               To: Tue Aug 14 02:59:00 MSK 2018]
  Issuer: CN=GTE CyberTrust Global Root, OU="GTE CyberTrust Solutions, Inc.", O=GTE Corporation, C=US
  SerialNumber: [    01a5]

]
  Algorithm: [MD5withRSA]
  Signature:
0000: 6D EB 1B 09 E9 5E D9 51   DB 67 22 61 A4 2A 3C 48  m....^.Q.g"a.*<H
0010: 77 E3 A0 7C A6 DE 73 A2   14 03 85 3D FB AB 0E 30  w.....s....=...0
0020: C5 83 16 33 81 13 08 9E   7B 34 4E DF 40 C8 74 D7  ...3.....4N.@.t.
0030: B9 7D DC F4 76 55 7D 9B   63 54 18 E9 F0 EA F3 5C  ....vU..cT.....\
0040: B1 D9 8B 42 1E B9 C0 95   4E BA FA D5 E2 7C F5 68  ...B....N......h
0050: 61 BF 8E EC 05 97 5F 5B   B0 D7 A3 85 34 C4 24 A7  a....._[....4.$.
0060: 0D 0F 95 93 EF CB 94 D8   9E 1F 9D 5C 85 6D C7 AA  ...........\.m..
0070: AE 4F 1F 22 B5 CD 95 AD   BA A7 CC F9 AB 0B 7A 7F  .O."..........z.

]]]

[2019-04-05T12:49:31.053+0300] [glassfish 5.0] [SEVERE] [NCLS-SECURITY-05054] [javax.enterprise.system.security.ssl] [tid: _ThreadID=45 _ThreadName=admin-listener(5)] [timeMillis: 1554457771053] [levelValue: 1000] [[
  The SSL certificate has expired: [
[
  Version: V3
  Subject: OU=Equifax Secure Certificate Authority, O=Equifax, C=US
  Signature Algorithm: SHA1withRSA, OID = 1.2.840.113549.1.1.5

  Key:  Sun RSA public key, 1024 bits
  modulus: 135786214035069526348186531221551781468391756233528066061569654028671100866720352830303278016129003918213826297308054231261658522889438712013757624116391437358730449661353175673177742307421061340003741057138887918110217006515773038453829253517076741780039735595086881329494037450587568122088113584549069375417
  public exponent: 65537
  Validity: [From: Sat Aug 22 20:41:51 MSD 1998,
               To: Wed Aug 22 19:41:51 MSK 2018]
  Issuer: OU=Equifax Secure Certificate Authority, O=Equifax, C=US
  SerialNumber: [    35def4cf]

Certificate Extensions: 7
[1]: ObjectId: 1.2.840.113533.7.65.0 Criticality=false
Extension unknown: DER encoded OCTET string =
0000: 04 0D 30 0B 1B 05 56 33   2E 30 63 03 02 06 C0     ..0...V3.0c....


[2]: ObjectId: 2.5.29.35 Criticality=false
AuthorityKeyIdentifier [
KeyIdentifier [
0000: 48 E6 68 F9 2B D2 B2 95   D7 47 D8 23 20 10 4F 33  H.h.+....G.# .O3
0010: 98 90 9F D4                                        ....
]
]

[3]: ObjectId: 2.5.29.19 Criticality=false
BasicConstraints:[
  CA:true
  PathLen:2147483647
]

[4]: ObjectId: 2.5.29.31 Criticality=false
CRLDistributionPoints [
  [DistributionPoint:
     [CN=CRL1, OU=Equifax Secure Certificate Authority, O=Equifax, C=US]
]]

[5]: ObjectId: 2.5.29.15 Criticality=false
KeyUsage [
  Key_CertSign
  Crl_Sign
]

[6]: ObjectId: 2.5.29.16 Criticality=false
PrivateKeyUsage: [
To: Wed Aug 22 19:41:51 MSK 2018]

[7]: ObjectId: 2.5.29.14 Criticality=false
SubjectKeyIdentifier [
KeyIdentifier [
0000: 48 E6 68 F9 2B D2 B2 95   D7 47 D8 23 20 10 4F 33  H.h.+....G.# .O3
0010: 98 90 9F D4                                        ....
]
]

]
  Algorithm: [SHA1withRSA]
  Signature:
0000: 58 CE 29 EA FC F7 DE B5   CE 02 B9 17 B5 85 D1 B9  X.).............
0010: E3 E0 95 CC 25 31 0D 00   A6 92 6E 7F B6 92 63 9E  ....%1....n...c.
0020: 50 95 D1 9A 6F E4 11 DE   63 85 6E 98 EE A8 FF 5A  P...o...c.n....Z
0030: C8 D3 55 B2 66 71 57 DE   C0 21 EB 3D 2A A7 23 49  ..U.fqW..!.=*.#I
0040: 01 04 86 42 7B FC EE 7F   A2 16 52 B5 67 67 D3 40  ...B......R.gg.@
0050: DB 3B 26 58 B2 28 77 3D   AE 14 77 61 D6 FA 2A 66  .;&X.(w=..wa..*f
0060: 27 A0 0D FA A7 73 5C EA   70 F1 94 21 65 44 5F FA  '....s\.p..!eD_.
0070: FC EF 29 68 A9 A2 87 79   EF 79 EF 4F AC 07 77 38  ..)h...y.y.O..w8

]]]

[2019-04-05T12:49:31.054+0300] [glassfish 5.0] [SEVERE] [NCLS-SECURITY-05054] [javax.enterprise.system.security.ssl] [tid: _ThreadID=45 _ThreadName=admin-listener(5)] [timeMillis: 1554457771054] [levelValue: 1000] [[
  The SSL certificate has expired: [
[
  Version: V1
  Subject: CN=GTE CyberTrust Global Root, OU="GTE CyberTrust Solutions, Inc.", O=GTE Corporation, C=US
  Signature Algorithm: MD5withRSA, OID = 1.2.840.113549.1.1.4

  Key:  Sun RSA public key, 1024 bits
  modulus: 104674226241368487598835828377585222181792546532354327780214427055917513664449991602803276678454577364904540367827644455215731003386468752240014232146814457308076052176227490263634768927290191763858631579785604655038492469791381988347440106477066514204303723029602991655085187937840556671697442212352844587673
  public exponent: 65537
  Validity: [From: Thu Aug 13 04:29:00 MSD 1998,
               To: Tue Aug 14 02:59:00 MSK 2018]
  Issuer: CN=GTE CyberTrust Global Root, OU="GTE CyberTrust Solutions, Inc.", O=GTE Corporation, C=US
  SerialNumber: [    01a5]

]
  Algorithm: [MD5withRSA]
  Signature:
0000: 6D EB 1B 09 E9 5E D9 51   DB 67 22 61 A4 2A 3C 48  m....^.Q.g"a.*<H
0010: 77 E3 A0 7C A6 DE 73 A2   14 03 85 3D FB AB 0E 30  w.....s....=...0
0020: C5 83 16 33 81 13 08 9E   7B 34 4E DF 40 C8 74 D7  ...3.....4N.@.t.
0030: B9 7D DC F4 76 55 7D 9B   63 54 18 E9 F0 EA F3 5C  ....vU..cT.....\
0040: B1 D9 8B 42 1E B9 C0 95   4E BA FA D5 E2 7C F5 68  ...B....N......h
0050: 61 BF 8E EC 05 97 5F 5B   B0 D7 A3 85 34 C4 24 A7  a....._[....4.$.
0060: 0D 0F 95 93 EF CB 94 D8   9E 1F 9D 5C 85 6D C7 AA  ...........\.m..
0070: AE 4F 1F 22 B5 CD 95 AD   BA A7 CC F9 AB 0B 7A 7F  .O."..........z.

]]]

[2019-04-05T12:49:31.151+0300] [glassfish 5.0] [INFO] [] [org.glassfish.admingui] [tid: _ThreadID=45 _ThreadName=admin-listener(5)] [timeMillis: 1554457771151] [levelValue: 800] [[
  Redirecting to /]]

[2019-04-05T12:49:31.352+0300] [glassfish 5.0] [INFO] [] [org.glassfish.admingui] [tid: _ThreadID=105 _ThreadName=admin-listener(6)] [timeMillis: 1554457771352] [levelValue: 800] [[
  Admin Console: Initializing Session Attributes...]]

[2019-04-05T12:54:45.293+0300] [glassfish 5.0] [INFO] [] [org.glassfish.admingui] [tid: _ThreadID=42 _ThreadName=admin-listener(2)] [timeMillis: 1554458085293] [levelValue: 800] [[
  GUI deployment: uploadToTempfile]]

[2019-04-05T12:54:45.310+0300] [glassfish 5.0] [INFO] [] [org.glassfish.admingui] [tid: _ThreadID=42 _ThreadName=admin-listener(2)] [timeMillis: 1554458085310] [levelValue: 800] [[
  uploadFileName=hello.war]]

[2019-04-05T12:54:45.318+0300] [glassfish 5.0] [INFO] [] [] [tid: _ThreadID=42 _ThreadName=Thread-8] [timeMillis: 1554458085318] [levelValue: 800] [[
  ================== availabilityEnabled  skipped ]]

[2019-04-05T12:54:45.380+0300] [glassfish 5.0] [INFO] [] [javax.enterprise.system.tools.deployment.common] [tid: _ThreadID=45 _ThreadName=admin-listener(5)] [timeMillis: 1554458085380] [levelValue: 800] [[
  visiting unvisited references]]

[2019-04-05T12:54:45.522+0300] [glassfish 5.0] [INFO] [AS-WEB-GLUE-00172] [javax.enterprise.web] [tid: _ThreadID=45 _ThreadName=admin-listener(5)] [timeMillis: 1554458085522] [levelValue: 800] [[
  Loading application [welcome_to_glassfish5] at [/hello]]]

[2019-04-05T12:54:45.594+0300] [glassfish 5.0] [INFO] [] [javax.enterprise.system.core] [tid: _ThreadID=45 _ThreadName=admin-listener(5)] [timeMillis: 1554458085594] [levelValue: 800] [[
  welcome_to_glassfish5 was successfully deployed in 251 milliseconds.]]

[2019-04-05T12:54:45.600+0300] [glassfish 5.0] [INFO] [] [org.glassfish.admingui] [tid: _ThreadID=42 _ThreadName=admin-listener(2)] [timeMillis: 1554458085600] [levelValue: 800] [[
  Deleting the file uploaded to Temp Directory]]

[2019-04-05T12:55:59.480+0300] [glassfish 5.0] [WARNING] [] [org.glassfish.grizzly.filterchain.DefaultFilterChain] [tid: _ThreadID=34 _ThreadName=http-listener-2(1)] [timeMillis: 1554458159480] [levelValue: 900] [[
  GRIZZLY0013: Exception during FilterChain execution
java.lang.NoClassDefFoundError: sun/security/ssl/SupportedEllipticPointFormatsExtension
	at sun.security.ssl.HelloExtensions.<init>(HelloExtensions.java:84)
	at sun.security.ssl.HandshakeMessage$ClientHello.<init>(HandshakeMessage.java:362)
	at sun.security.ssl.ServerHandshaker.processMessage(ServerHandshaker.java:223)
	at sun.security.ssl.Handshaker.processLoop(Handshaker.java:984)
	at sun.security.ssl.Handshaker$1.run(Handshaker.java:924)
	at sun.security.ssl.Handshaker$1.run(Handshaker.java:921)
	at java.security.AccessController.doPrivileged(Native Method)
	at sun.security.ssl.Handshaker$DelegatedTask.run(Handshaker.java:1379)
	at org.glassfish.grizzly.ssl.SSLUtils.executeDelegatedTask(SSLUtils.java:274)
	at org.glassfish.grizzly.ssl.SSLBaseFilter.doHandshakeStep(SSLBaseFilter.java:708)
	at org.glassfish.grizzly.ssl.SSLBaseFilter.doHandshakeStep(SSLBaseFilter.java:622)
	at org.glassfish.grizzly.ssl.SSLBaseFilter.handleRead(SSLBaseFilter.java:334)
	at org.glassfish.grizzly.filterchain.ExecutorResolver$9.execute(ExecutorResolver.java:119)
	at org.glassfish.grizzly.filterchain.DefaultFilterChain.executeFilter(DefaultFilterChain.java:284)
	at org.glassfish.grizzly.filterchain.DefaultFilterChain.executeChainPart(DefaultFilterChain.java:201)
	at org.glassfish.grizzly.filterchain.DefaultFilterChain.execute(DefaultFilterChain.java:133)
	at org.glassfish.grizzly.filterchain.DefaultFilterChain.process(DefaultFilterChain.java:112)
	at org.glassfish.grizzly.ProcessorExecutor.execute(ProcessorExecutor.java:77)
	at org.glassfish.grizzly.nio.transport.TCPNIOTransport.fireIOEvent(TCPNIOTransport.java:539)
	at org.glassfish.grizzly.strategies.AbstractIOStrategy.fireIOEvent(AbstractIOStrategy.java:112)
	at org.glassfish.grizzly.strategies.WorkerThreadIOStrategy.run0(WorkerThreadIOStrategy.java:117)
	at org.glassfish.grizzly.strategies.WorkerThreadIOStrategy.access$100(WorkerThreadIOStrategy.java:56)
	at org.glassfish.grizzly.strategies.WorkerThreadIOStrategy$WorkerThreadRunnable.run(WorkerThreadIOStrategy.java:137)
	at org.glassfish.grizzly.threadpool.AbstractThreadPool$Worker.doWork(AbstractThreadPool.java:593)
	at org.glassfish.grizzly.threadpool.AbstractThreadPool$Worker.run(AbstractThreadPool.java:573)
	at java.lang.Thread.run(Thread.java:748)
]]

[2019-04-05T12:55:59.490+0300] [glassfish 5.0] [WARNING] [] [org.glassfish.grizzly.filterchain.DefaultFilterChain] [tid: _ThreadID=35 _ThreadName=http-listener-2(2)] [timeMillis: 1554458159490] [levelValue: 900] [[
  GRIZZLY0013: Exception during FilterChain execution
java.lang.NoClassDefFoundError: sun/security/ssl/SupportedEllipticPointFormatsExtension
	at sun.security.ssl.HelloExtensions.<init>(HelloExtensions.java:84)
	at sun.security.ssl.HandshakeMessage$ClientHello.<init>(HandshakeMessage.java:362)
	at sun.security.ssl.ServerHandshaker.processMessage(ServerHandshaker.java:223)
	at sun.security.ssl.Handshaker.processLoop(Handshaker.java:984)
	at sun.security.ssl.Handshaker$1.run(Handshaker.java:924)
	at sun.security.ssl.Handshaker$1.run(Handshaker.java:921)
	at java.security.AccessController.doPrivileged(Native Method)
	at sun.security.ssl.Handshaker$DelegatedTask.run(Handshaker.java:1379)
	at org.glassfish.grizzly.ssl.SSLUtils.executeDelegatedTask(SSLUtils.java:274)
	at org.glassfish.grizzly.ssl.SSLBaseFilter.doHandshakeStep(SSLBaseFilter.java:708)
	at org.glassfish.grizzly.ssl.SSLBaseFilter.doHandshakeStep(SSLBaseFilter.java:622)
	at org.glassfish.grizzly.ssl.SSLBaseFilter.handleRead(SSLBaseFilter.java:334)
	at org.glassfish.grizzly.filterchain.ExecutorResolver$9.execute(ExecutorResolver.java:119)
	at org.glassfish.grizzly.filterchain.DefaultFilterChain.executeFilter(DefaultFilterChain.java:284)
	at org.glassfish.grizzly.filterchain.DefaultFilterChain.executeChainPart(DefaultFilterChain.java:201)
	at org.glassfish.grizzly.filterchain.DefaultFilterChain.execute(DefaultFilterChain.java:133)
	at org.glassfish.grizzly.filterchain.DefaultFilterChain.process(DefaultFilterChain.java:112)
	at org.glassfish.grizzly.ProcessorExecutor.execute(ProcessorExecutor.java:77)
	at org.glassfish.grizzly.nio.transport.TCPNIOTransport.fireIOEvent(TCPNIOTransport.java:539)
	at org.glassfish.grizzly.strategies.AbstractIOStrategy.fireIOEvent(AbstractIOStrategy.java:112)
	at org.glassfish.grizzly.strategies.WorkerThreadIOStrategy.run0(WorkerThreadIOStrategy.java:117)
	at org.glassfish.grizzly.strategies.WorkerThreadIOStrategy.access$100(WorkerThreadIOStrategy.java:56)
	at org.glassfish.grizzly.strategies.WorkerThreadIOStrategy$WorkerThreadRunnable.run(WorkerThreadIOStrategy.java:137)
	at org.glassfish.grizzly.threadpool.AbstractThreadPool$Worker.doWork(AbstractThreadPool.java:593)
	at org.glassfish.grizzly.threadpool.AbstractThreadPool$Worker.run(AbstractThreadPool.java:573)
	at java.lang.Thread.run(Thread.java:748)
]]

[2019-04-05T12:55:59.496+0300] [glassfish 5.0] [WARNING] [] [org.glassfish.grizzly.filterchain.DefaultFilterChain] [tid: _ThreadID=36 _ThreadName=http-listener-2(3)] [timeMillis: 1554458159496] [levelValue: 900] [[
  GRIZZLY0013: Exception during FilterChain execution
java.lang.NoClassDefFoundError: sun/security/ssl/SupportedEllipticPointFormatsExtension
	at sun.security.ssl.HelloExtensions.<init>(HelloExtensions.java:84)
	at sun.security.ssl.HandshakeMessage$ClientHello.<init>(HandshakeMessage.java:362)
	at sun.security.ssl.ServerHandshaker.processMessage(ServerHandshaker.java:223)
	at sun.security.ssl.Handshaker.processLoop(Handshaker.java:984)
	at sun.security.ssl.Handshaker$1.run(Handshaker.java:924)
	at sun.security.ssl.Handshaker$1.run(Handshaker.java:921)
	at java.security.AccessController.doPrivileged(Native Method)
	at sun.security.ssl.Handshaker$DelegatedTask.run(Handshaker.java:1379)
	at org.glassfish.grizzly.ssl.SSLUtils.executeDelegatedTask(SSLUtils.java:274)
	at org.glassfish.grizzly.ssl.SSLBaseFilter.doHandshakeStep(SSLBaseFilter.java:708)
	at org.glassfish.grizzly.ssl.SSLBaseFilter.doHandshakeStep(SSLBaseFilter.java:622)
	at org.glassfish.grizzly.ssl.SSLBaseFilter.handleRead(SSLBaseFilter.java:334)
	at org.glassfish.grizzly.filterchain.ExecutorResolver$9.execute(ExecutorResolver.java:119)
	at org.glassfish.grizzly.filterchain.DefaultFilterChain.executeFilter(DefaultFilterChain.java:284)
	at org.glassfish.grizzly.filterchain.DefaultFilterChain.executeChainPart(DefaultFilterChain.java:201)
	at org.glassfish.grizzly.filterchain.DefaultFilterChain.execute(DefaultFilterChain.java:133)
	at org.glassfish.grizzly.filterchain.DefaultFilterChain.process(DefaultFilterChain.java:112)
	at org.glassfish.grizzly.ProcessorExecutor.execute(ProcessorExecutor.java:77)
	at org.glassfish.grizzly.nio.transport.TCPNIOTransport.fireIOEvent(TCPNIOTransport.java:539)
	at org.glassfish.grizzly.strategies.AbstractIOStrategy.fireIOEvent(AbstractIOStrategy.java:112)
	at org.glassfish.grizzly.strategies.WorkerThreadIOStrategy.run0(WorkerThreadIOStrategy.java:117)
	at org.glassfish.grizzly.strategies.WorkerThreadIOStrategy.access$100(WorkerThreadIOStrategy.java:56)
	at org.glassfish.grizzly.strategies.WorkerThreadIOStrategy$WorkerThreadRunnable.run(WorkerThreadIOStrategy.java:137)
	at org.glassfish.grizzly.threadpool.AbstractThreadPool$Worker.doWork(AbstractThreadPool.java:593)
	at org.glassfish.grizzly.threadpool.AbstractThreadPool$Worker.run(AbstractThreadPool.java:573)
	at java.lang.Thread.run(Thread.java:748)
]]

[2019-04-05T12:58:41.544+0300] [glassfish 5.0] [INFO] [] [javax.enterprise.system.tools.deployment.common] [tid: _ThreadID=41 _ThreadName=admin-listener(1)] [timeMillis: 1554458321544] [levelValue: 800] [[
  visiting unvisited references]]

[2019-04-05T12:58:41.643+0300] [glassfish 5.0] [INFO] [AS-WEB-GLUE-00172] [javax.enterprise.web] [tid: _ThreadID=41 _ThreadName=admin-listener(1)] [timeMillis: 1554458321643] [levelValue: 800] [[
  Loading application [welcome_to_glassfish5] at [/hello]]]

[2019-04-05T12:59:23.403+0300] [glassfish 5.0] [INFO] [] [javax.enterprise.system.tools.deployment.common] [tid: _ThreadID=125 _ThreadName=pool-34-thread-1] [timeMillis: 1554458363403] [levelValue: 800] [[
  visiting unvisited references]]

[2019-04-05T12:59:23.488+0300] [glassfish 5.0] [INFO] [AS-WEB-GLUE-00172] [javax.enterprise.web] [tid: _ThreadID=125 _ThreadName=pool-34-thread-1] [timeMillis: 1554458363488] [levelValue: 800] [[
  Loading application [welcome_to_glassfish5] at [/hello]]]

[2019-04-05T12:59:23.490+0300] [glassfish 5.0] [INFO] [NCLS-CORE-00022] [javax.enterprise.system.core] [tid: _ThreadID=125 _ThreadName=pool-34-thread-1] [timeMillis: 1554458363490] [levelValue: 800] [[
  Loading application welcome_to_glassfish5 done in 93 ms]]

[2019-04-05T13:21:27.408+0300] [glassfish 5.0] [INFO] [NCLS-REST-00001] [javax.enterprise.admin.rest] [tid: _ThreadID=45 _ThreadName=admin-listener(5)] [timeMillis: 1554459687408] [levelValue: 800] [[
  Listening to REST requests at context: /command/domain.]]

[2019-04-05T13:21:27.488+0300] [glassfish 5.0] [INFO] [NCLS-CORE-00092] [javax.enterprise.system.core] [tid: _ThreadID=148 _ThreadName=Thread-37] [timeMillis: 1554459687488] [levelValue: 800] [[
  Server shutdown initiated]]

[2019-04-05T13:21:27.520+0300] [glassfish 5.0] [INFO] [NCLS-BOOTSTRAP-00028] [javax.enterprise.bootstrap] [tid: _ThreadID=148 _ThreadName=Thread-37] [timeMillis: 1554459687520] [levelValue: 800] [[
  Unregistered com.sun.enterprise.glassfish.bootstrap.osgi.EmbeddedOSGiGlassFishImpl@44de0113 from service registry.]]

[2019-04-05T13:21:27.521+0300] [glassfish 5.0] [INFO] [] [] [tid: _ThreadID=148 _ThreadName=Thread-8] [timeMillis: 1554459687521] [levelValue: 800] [[
  FileMonitoring shutdown]]

[2019-04-05T13:21:27.537+0300] [glassfish 5.0] [INFO] [NCLS-JMX-00002] [javax.enterprise.system.jmx] [tid: _ThreadID=148 _ThreadName=Thread-37] [timeMillis: 1554459687537] [levelValue: 800] [[
  JMXStartupService: Stopped JMXConnectorServer: null]]

[2019-04-05T13:21:27.538+0300] [glassfish 5.0] [INFO] [NCLS-JMX-00001] [javax.enterprise.system.jmx] [tid: _ThreadID=148 _ThreadName=Thread-37] [timeMillis: 1554459687538] [levelValue: 800] [[
  JMXStartupService and JMXConnectors have been shut down.]]

[2019-04-05T13:21:27.653+0300] [glassfish 5.0] [INFO] [] [] [tid: _ThreadID=157 _ThreadName=Thread-8] [timeMillis: 1554459687653] [levelValue: 800] [[
  JdbcRuntimeExtension,  getAllSystemRAResourcesAndPools = [GlassFishConfigBean.org.glassfish.jdbc.config.JdbcResource, GlassFishConfigBean.org.glassfish.jdbc.config.JdbcResource, GlassFishConfigBean.org.glassfish.jdbc.config.JdbcConnectionPool, GlassFishConfigBean.org.glassfish.jdbc.config.JdbcConnectionPool]]]

